#
# A fatal error has been detected by the Java Runtime Environment:
#
#  SIGSEGV (0xb) at pc=0x000000011f7bd3fd, pid=29662, tid=1811
#
# JRE version: Java(TM) SE Runtime Environment (8.0_31-b13) (build 1.8.0_31-b13)
# Java VM: Java HotSpot(TM) 64-Bit Server VM (25.31-b07 mixed mode bsd-amd64 compressed oops)
# Problematic frame:
# C  [libglass.dylib+0x163fd]  GlassScreenDidChangeScreenParameters+0x9d
#
# Failed to write core dump. Core dumps have been disabled. To enable core dumping, try "ulimit -c unlimited" before starting Java again
#
# If you would like to submit a bug report, please visit:
#   http://bugreport.java.com/bugreport/crash.jsp
#

---------------  T H R E A D  ---------------

Current thread is native thread

siginfo: si_signo: 11 (SIGSEGV), si_code: 1 (SEGV_MAPERR), si_addr: 0x0000000000000000

Registers:
RAX=0x000000011f7efe40, RBX=0x0000000000000000, RCX=0x9d008a4797f0bf54, RDX=0x00007fc052e8da60
RSP=0x00007fff5beb7090, RBP=0x00007fff5beb70a0, RSI=0x00007fc054816c18, RDI=0x0000000000000000
R8 =0x00007fff5beb6f40, R9 =0x00007fff78d4e300, R10=0x0000000000000000, R11=0x0000000000000246
R12=0x00007fc052e00bc0, R13=0x00000000000f4268, R14=0x00007fc054878760, R15=0x00007fff5beb71e8
RIP=0x000000011f7bd3fd, EFLAGS=0x0000000000010206, ERR=0x0000000000000004
  TRAPNO=0x000000000000000e

Top of Stack: (sp=0x00007fff5beb7090)
0x00007fff5beb7090:   00007fff5beb7288 00007fc054878760
0x00007fff5beb70a0:   00007fff5beb70b0 00007fff96743cdc
0x00007fff5beb70b0:   00007fff5beb7410 00007fff96635244
0x00007fff5beb70c0:   00007fff7b10e8e4 00007fff7b10e8e8
0x00007fff5beb70d0:   0000000000000013 0000000000000000
0x00007fff5beb70e0:   00000000000f429b 00000000000009f0
0x00007fff5beb70f0:   0000000000000000 00007fc054878760
0x00007fff5beb7100:   0000000000000000 00007fff5beb71e0
0x00007fff5beb7110:   0000000000000000 00007fc054878720
0x00007fff5beb7120:   00007fff5beb7260 000000000000006a
0x00007fff5beb7130:   00000000000f433f 00007fc059f0a700
0x00007fff5beb7140:   00007fc054862cb0 00007fc052e00bc0
0x00007fff5beb7150:   0000000000000001 00000000000f4268
0x00007fff5beb7160:   00007fc052e00bb0 0000000103d60000
0x00007fff5beb7170:   00007fff5beb7210 00007fff95b3d4ff
0x00007fff5beb7180:   00007fc05330d150 00007fc05330d200
0x00007fff5beb7190:   00007fc0598fc080 0000000103d60000
0x00007fff5beb71a0:   00007fff5beb7240 00007fff95b3d4ff
0x00007fff5beb71b0:   00007fc0598fc080 0000000000000005
0x00007fff5beb71c0:   0003490352e00be4 00007fc052e00be4
0x00007fff5beb71d0:   0000000000000000 00007fff8d41864f
0x00007fff5beb71e0:   00007fc054890470 00007fc054878760
0x00007fff5beb71f0:   0000000300000003 0000000000000000
0x00007fff5beb7200:   00007fff5beb727c 00007fff5beb7280
0x00007fff5beb7210:   00007fff5beb7284 00007fc052d84368
0x00007fff5beb7220:   ffffffffffffffff 0000206000000040
0x00007fff5beb7230:   00007fc052d84380 00007fc052d84368
0x00007fff5beb7240:   00007fff5beb7330 00007fff95b39edc
0x00007fff5beb7250:   039fffffffffd511 0000000000030637
0x00007fff5beb7260:   0000000000000014 0000000000000000
0x00007fff5beb7270:   00000000000f429c 0000000000000017
0x00007fff5beb7280:   0000000000000000 00000000000f4268 

Instructions: (pc=0x000000011f7bd3fd)
0x000000011f7bd3dd:   89 df 4c 89 f1 41 ff 90 68 04 00 00 48 8d 05 58
0x000000011f7bd3ed:   29 03 00 48 8b 30 48 8d 05 46 2a 03 00 48 8b 10
0x000000011f7bd3fd:   48 8b 0b 30 c0 48 89 df ff 91 68 04 00 00 48 8b
0x000000011f7bd40d:   03 48 89 df ff 50 78 48 85 c0 74 36 49 89 c6 48 

Register to memory mapping:

RAX=0x000000011f7efe40: jScreenNotifySettingsChanged+0 in /Library/Java/JavaVirtualMachines/jdk1.8.0_31.jdk/Contents/Home/jre/lib/libglass.dylib at 0x000000011f7a7000
RBX=0x0000000000000000 is an unknown value
RCX=0x9d008a4797f0bf54 is an unknown value
RDX=0x00007fc052e8da60 is an unknown value
RSP=0x00007fff5beb7090 is an unknown value
RBP=0x00007fff5beb70a0 is an unknown value
RSI=0x00007fc054816c18 is a global jni handle
RDI=0x0000000000000000 is an unknown value
R8 =0x00007fff5beb6f40 is an unknown value
R9 =0x00007fff78d4e300: _thread+0 in /usr/lib/system/libsystem_pthread.dylib at 0x00007fff88e59000
R10=0x0000000000000000 is an unknown value
R11=0x0000000000000246 is an unknown value
R12=0x00007fc052e00bc0 is an unknown value
R13=0x00000000000f4268 is an unknown value
R14=0x00007fc054878760 is an unknown value
R15=0x00007fff5beb71e8 is an unknown value


Stack: [0x00007fff5b6ba000,0x00007fff5beba000],  sp=0x00007fff5beb7090,  free space=8180k
Native frames: (J=compiled Java code, j=interpreted, Vv=VM code, C=native code)
C  [libglass.dylib+0x163fd]  GlassScreenDidChangeScreenParameters+0x9d
C  [CoreFoundation+0x11ecdc]  __CFNOTIFICATIONCENTER_IS_CALLING_OUT_TO_AN_OBSERVER__+0xc
C  [CoreFoundation+0x10244]  _CFXNotificationPost+0xc44
C  [Foundation+0x2c31]  -[NSNotificationCenter postNotificationName:object:userInfo:]+0x42
C  [AppKit+0x36305e]  -[NSApplication _reactToScreenInvalidationImmediately:]+0x17b
C  [AppKit+0x362e9d]  __44-[NSApplication _reactToScreenInvalidation:]_block_invoke+0x4b
C  [CoreFoundation+0x8056c]  __CFRUNLOOP_IS_CALLING_OUT_TO_A_BLOCK__+0xc
C  [CoreFoundation+0x72675]  __CFRunLoopDoBlocks+0x155
C  [CoreFoundation+0x721b6]  __CFRunLoopRun+0x716
C  [CoreFoundation+0x71858]  CFRunLoopRunSpecific+0x128
C  [java+0x56cc]  CreateExecutionEnvironment+0x367
C  [java+0x165c]  JLI_Launch+0x7a0
C  [java+0x768a]  main+0x65
C  [java+0xeb4]  start+0x34


---------------  P R O C E S S  ---------------

VM state:not at safepoint (normal execution)

VM Mutex/Monitor currently owned by a thread: None

Heap:
 PSYoungGen      total 38400K, used 8058K [0x0000000795580000, 0x000000079a080000, 0x00000007c0000000)
  eden space 33280K, 24% used [0x0000000795580000,0x0000000795d5eab8,0x0000000797600000)
  from space 5120K, 0% used [0x0000000797600000,0x0000000797600000,0x0000000797b00000)
  to   space 5120K, 0% used [0x0000000799b80000,0x0000000799b80000,0x000000079a080000)
 ParOldGen       total 81920K, used 20511K [0x0000000740000000, 0x0000000745000000, 0x0000000795580000)
  object space 81920K, 25% used [0x0000000740000000,0x0000000741407cb0,0x0000000745000000)
 Metaspace       used 20896K, capacity 21854K, committed 22144K, reserved 1069056K
  class space    used 2961K, capacity 3162K, committed 3200K, reserved 1048576K

Card table byte_map: [0x00000001152df000,0x00000001156e0000] byte_map_base: 0x00000001118df000

Marking Bits: (ParMarkBitMap*) 0x000000010589e410
 Begin Bits: [0x00000001161a3000, 0x00000001181a3000)
 End Bits:   [0x00000001181a3000, 0x000000011a1a3000)

Polling page: 0x0000000103fa0000

CodeCache: size=245760Kb used=8235Kb max_used=8235Kb free=237524Kb
 bounds [0x0000000105f1f000, 0x000000010672f000, 0x0000000114f1f000]
 total_blobs=3393 nmethods=2649 adapters=658
 compilation: enabled

Compilation events (10 events):
Event: 79.862 Thread 0x00007fc053024000 2662       3       java.lang.String::<init> (10 bytes)
Event: 79.862 Thread 0x00007fc053024000 nmethod 2662 0x000000010672bd90 code [0x000000010672bf00, 0x000000010672c0a8]
Event: 79.863 Thread 0x00007fc053024000 2663       3       java.nio.charset.CharsetDecoder::onUnmappableCharacter (26 bytes)
Event: 79.863 Thread 0x00007fc053024000 nmethod 2663 0x000000010672c190 code [0x000000010672c300, 0x000000010672c628]
Event: 79.865 Thread 0x00007fc053024000 2664       3       java.lang.StringCoding$StringDecoder::<init> (54 bytes)
Event: 79.865 Thread 0x00007fc053024000 nmethod 2664 0x000000010672c710 code [0x000000010672c8c0, 0x000000010672d138]
Event: 79.873 Thread 0x00007fc053024000 2665  s!   3       java.net.Socket::close (47 bytes)
Event: 79.874 Thread 0x00007fc053024000 nmethod 2665 0x000000010672d390 code [0x000000010672d540, 0x000000010672dd88]
Event: 79.874 Thread 0x00007fc053024000 2666       3       java.lang.Thread::exit (51 bytes)
Event: 79.875 Thread 0x00007fc053024000 nmethod 2666 0x000000010672e050 code [0x000000010672e1c0, 0x000000010672e468]

GC Heap History (8 events):
Event: 1.191 GC heap before
{Heap before GC invocations=1 (full 0):
 PSYoungGen      total 38400K, used 33280K [0x0000000795580000, 0x0000000798000000, 0x00000007c0000000)
  eden space 33280K, 100% used [0x0000000795580000,0x0000000797600000,0x0000000797600000)
  from space 5120K, 0% used [0x0000000797b00000,0x0000000797b00000,0x0000000798000000)
  to   space 5120K, 0% used [0x0000000797600000,0x0000000797600000,0x0000000797b00000)
 ParOldGen       total 87552K, used 0K [0x0000000740000000, 0x0000000745580000, 0x0000000795580000)
  object space 87552K, 0% used [0x0000000740000000,0x0000000740000000,0x0000000745580000)
 Metaspace       used 16079K, capacity 16500K, committed 16640K, reserved 1062912K
  class space    used 2203K, capacity 2283K, committed 2304K, reserved 1048576K
Event: 1.197 GC heap after
Heap after GC invocations=1 (full 0):
 PSYoungGen      total 38400K, used 5089K [0x0000000795580000, 0x0000000798000000, 0x00000007c0000000)
  eden space 33280K, 0% used [0x0000000795580000,0x0000000795580000,0x0000000797600000)
  from space 5120K, 99% used [0x0000000797600000,0x0000000797af84d0,0x0000000797b00000)
  to   space 5120K, 0% used [0x0000000797b00000,0x0000000797b00000,0x0000000798000000)
 ParOldGen       total 87552K, used 687K [0x0000000740000000, 0x0000000745580000, 0x0000000795580000)
  object space 87552K, 0% used [0x0000000740000000,0x00000007400abfc8,0x0000000745580000)
 Metaspace       used 16079K, capacity 16500K, committed 16640K, reserved 1062912K
  class space    used 2203K, capacity 2283K, committed 2304K, reserved 1048576K
}
Event: 4.532 GC heap before
{Heap before GC invocations=2 (full 0):
 PSYoungGen      total 38400K, used 38369K [0x0000000795580000, 0x0000000798000000, 0x00000007c0000000)
  eden space 33280K, 100% used [0x0000000795580000,0x0000000797600000,0x0000000797600000)
  from space 5120K, 99% used [0x0000000797600000,0x0000000797af84d0,0x0000000797b00000)
  to   space 5120K, 0% used [0x0000000797b00000,0x0000000797b00000,0x0000000798000000)
 ParOldGen       total 87552K, used 687K [0x0000000740000000, 0x0000000745580000, 0x0000000795580000)
  object space 87552K, 0% used [0x0000000740000000,0x00000007400abfc8,0x0000000745580000)
 Metaspace       used 19357K, capacity 20038K, committed 20096K, reserved 1067008K
  class space    used 2798K, capacity 2936K, committed 2944K, reserved 1048576K
Event: 4.541 GC heap after
Heap after GC invocations=2 (full 0):
 PSYoungGen      total 38400K, used 5089K [0x0000000795580000, 0x0000000798000000, 0x00000007c0000000)
  eden space 33280K, 0% used [0x0000000795580000,0x0000000795580000,0x0000000797600000)
  from space 5120K, 99% used [0x0000000797b00000,0x0000000797ff84d0,0x0000000798000000)
  to   space 5120K, 0% used [0x0000000797600000,0x0000000797600000,0x0000000797b00000)
 ParOldGen       total 87552K, used 10302K [0x0000000740000000, 0x0000000745580000, 0x0000000795580000)
  object space 87552K, 11% used [0x0000000740000000,0x0000000740a0fb78,0x0000000745580000)
 Metaspace       used 19357K, capacity 20038K, committed 20096K, reserved 1067008K
  class space    used 2798K, capacity 2936K, committed 2944K, reserved 1048576K
}
Event: 4.792 GC heap before
{Heap before GC invocations=3 (full 0):
 PSYoungGen      total 38400K, used 28638K [0x0000000795580000, 0x0000000798000000, 0x00000007c0000000)
  eden space 33280K, 70% used [0x0000000795580000,0x0000000796c7f518,0x0000000797600000)
  from space 5120K, 99% used [0x0000000797b00000,0x0000000797ff84d0,0x0000000798000000)
  to   space 5120K, 0% used [0x0000000797600000,0x0000000797600000,0x0000000797b00000)
 ParOldGen       total 87552K, used 10302K [0x0000000740000000, 0x0000000745580000, 0x0000000795580000)
  object space 87552K, 11% used [0x0000000740000000,0x0000000740a0fb78,0x0000000745580000)
 Metaspace       used 20353K, capacity 21216K, committed 21296K, reserved 1067008K
  class space    used 2940K, capacity 3153K, committed 3200K, reserved 1048576K
Event: 4.800 GC heap after
Heap after GC invocations=3 (full 0):
 PSYoungGen      total 38400K, used 5109K [0x0000000795580000, 0x000000079a080000, 0x00000007c0000000)
  eden space 33280K, 0% used [0x0000000795580000,0x0000000795580000,0x0000000797600000)
  from space 5120K, 99% used [0x0000000797600000,0x0000000797afd5c0,0x0000000797b00000)
  to   space 5120K, 0% used [0x0000000799b80000,0x0000000799b80000,0x000000079a080000)
 ParOldGen       total 87552K, used 18764K [0x0000000740000000, 0x0000000745580000, 0x0000000795580000)
  object space 87552K, 21% used [0x0000000740000000,0x0000000741253340,0x0000000745580000)
 Metaspace       used 20353K, capacity 21216K, committed 21296K, reserved 1067008K
  class space    used 2940K, capacity 3153K, committed 3200K, reserved 1048576K
}
Event: 4.800 GC heap before
{Heap before GC invocations=4 (full 1):
 PSYoungGen      total 38400K, used 5109K [0x0000000795580000, 0x000000079a080000, 0x00000007c0000000)
  eden space 33280K, 0% used [0x0000000795580000,0x0000000795580000,0x0000000797600000)
  from space 5120K, 99% used [0x0000000797600000,0x0000000797afd5c0,0x0000000797b00000)
  to   space 5120K, 0% used [0x0000000799b80000,0x0000000799b80000,0x000000079a080000)
 ParOldGen       total 87552K, used 18764K [0x0000000740000000, 0x0000000745580000, 0x0000000795580000)
  object space 87552K, 21% used [0x0000000740000000,0x0000000741253340,0x0000000745580000)
 Metaspace       used 20353K, capacity 21216K, committed 21296K, reserved 1067008K
  class space    used 2940K, capacity 3153K, committed 3200K, reserved 1048576K
Event: 4.841 GC heap after
Heap after GC invocations=4 (full 1):
 PSYoungGen      total 38400K, used 0K [0x0000000795580000, 0x000000079a080000, 0x00000007c0000000)
  eden space 33280K, 0% used [0x0000000795580000,0x0000000795580000,0x0000000797600000)
  from space 5120K, 0% used [0x0000000797600000,0x0000000797600000,0x0000000797b00000)
  to   space 5120K, 0% used [0x0000000799b80000,0x0000000799b80000,0x000000079a080000)
 ParOldGen       total 81920K, used 20511K [0x0000000740000000, 0x0000000745000000, 0x0000000795580000)
  object space 81920K, 25% used [0x0000000740000000,0x0000000741407cb0,0x0000000745000000)
 Metaspace       used 20351K, capacity 21214K, committed 21296K, reserved 1067008K
  class space    used 2939K, capacity 3152K, committed 3200K, reserved 1048576K
}

Deoptimization events (10 events):
Event: 0.960 Thread 0x00007fc05301b000 Uncommon trap: reason=class_check action=maybe_recompile pc=0x0000000106043fdc method=java.lang.String.equals(Ljava/lang/Object;)Z @ 8
Event: 0.960 Thread 0x00007fc05301b000 Uncommon trap: reason=class_check action=maybe_recompile pc=0x0000000106043fdc method=java.lang.String.equals(Ljava/lang/Object;)Z @ 8
Event: 0.960 Thread 0x00007fc05301b000 Uncommon trap: reason=class_check action=maybe_recompile pc=0x0000000106043fdc method=java.lang.String.equals(Ljava/lang/Object;)Z @ 8
Event: 1.133 Thread 0x00007fc05301b000 Uncommon trap: reason=unloaded action=reinterpret pc=0x0000000106168958 method=java.lang.CharacterData.of(I)Ljava/lang/CharacterData; @ 96
Event: 1.160 Thread 0x00007fc05301b000 Uncommon trap: reason=unreached action=reinterpret pc=0x0000000106262f68 method=java.util.HashMap.putVal(ILjava/lang/Object;Ljava/lang/Object;ZZ)Ljava/lang/Object; @ 193
Event: 1.163 Thread 0x00007fc05301b000 Uncommon trap: reason=class_check action=maybe_recompile pc=0x0000000106043fdc method=java.lang.String.equals(Ljava/lang/Object;)Z @ 8
Event: 4.636 Thread 0x00007fc05301b000 Uncommon trap: reason=array_check action=maybe_recompile pc=0x000000010633756c method=com.sun.javafx.css.SimpleSelector.applies(Ljavafx/css/Styleable;[Ljava/util/Set;I)Z @ 37
Event: 4.636 Thread 0x00007fc05301b000 Uncommon trap: reason=array_check action=maybe_recompile pc=0x000000010633756c method=com.sun.javafx.css.SimpleSelector.applies(Ljavafx/css/Styleable;[Ljava/util/Set;I)Z @ 37
Event: 4.636 Thread 0x00007fc05301b000 Uncommon trap: reason=array_check action=maybe_recompile pc=0x000000010633756c method=com.sun.javafx.css.SimpleSelector.applies(Ljavafx/css/Styleable;[Ljava/util/Set;I)Z @ 37
Event: 4.636 Thread 0x00007fc05301b000 Uncommon trap: reason=array_check action=maybe_recompile pc=0x000000010633756c method=com.sun.javafx.css.SimpleSelector.applies(Ljavafx/css/Styleable;[Ljava/util/Set;I)Z @ 37

Internal exceptions (10 events):
Event: 79.866 Thread 0x00007fc053325000 Exception <a 'java/net/ConnectException'> (0x0000000795cd4028) thrown at [/Users/java_re/workspace/8-2-build-macosx-x86_64/jdk8u31/2394/hotspot/src/share/vm/prims/jni.cpp, line 716]
Event: 79.868 Thread 0x00007fc05524e800 Exception <a 'java/net/ConnectException'> (0x0000000795ce1e28) thrown at [/Users/java_re/workspace/8-2-build-macosx-x86_64/jdk8u31/2394/hotspot/src/share/vm/prims/jni.cpp, line 716]
Event: 79.868 Thread 0x00007fc053274000 Exception <a 'java/net/ConnectException'> (0x0000000795cefc28) thrown at [/Users/java_re/workspace/8-2-build-macosx-x86_64/jdk8u31/2394/hotspot/src/share/vm/prims/jni.cpp, line 716]
Event: 79.869 Thread 0x00007fc053a9b800 Exception <a 'java/net/ConnectException'> (0x0000000795cfda28) thrown at [/Users/java_re/workspace/8-2-build-macosx-x86_64/jdk8u31/2394/hotspot/src/share/vm/prims/jni.cpp, line 716]
Event: 79.871 Thread 0x00007fc053272000 Exception <a 'java/net/ConnectException'> (0x0000000795d0b828) thrown at [/Users/java_re/workspace/8-2-build-macosx-x86_64/jdk8u31/2394/hotspot/src/share/vm/prims/jni.cpp, line 716]
Event: 79.871 Thread 0x00007fc05689c000 Exception <a 'java/net/ConnectException'> (0x0000000795d19628) thrown at [/Users/java_re/workspace/8-2-build-macosx-x86_64/jdk8u31/2394/hotspot/src/share/vm/prims/jni.cpp, line 716]
Event: 79.872 Thread 0x00007fc053a9b000 Exception <a 'java/net/ConnectException'> (0x0000000795d27428) thrown at [/Users/java_re/workspace/8-2-build-macosx-x86_64/jdk8u31/2394/hotspot/src/share/vm/prims/jni.cpp, line 716]
Event: 79.872 Thread 0x00007fc053275000 Exception <a 'java/net/ConnectException'> (0x0000000795d35228) thrown at [/Users/java_re/workspace/8-2-build-macosx-x86_64/jdk8u31/2394/hotspot/src/share/vm/prims/jni.cpp, line 716]
Event: 79.873 Thread 0x00007fc055b12000 Exception <a 'java/net/ConnectException'> (0x0000000795d43028) thrown at [/Users/java_re/workspace/8-2-build-macosx-x86_64/jdk8u31/2394/hotspot/src/share/vm/prims/jni.cpp, line 716]
Event: 79.874 Thread 0x00007fc053a9d000 Exception <a 'java/net/ConnectException'> (0x0000000795d50e28) thrown at [/Users/java_re/workspace/8-2-build-macosx-x86_64/jdk8u31/2394/hotspot/src/share/vm/prims/jni.cpp, line 716]

Events (10 events):
Event: 79.866 Thread 0x00007fc053325000 Thread exited: 0x00007fc053325000
Event: 79.868 Thread 0x00007fc05524e800 Thread exited: 0x00007fc05524e800
Event: 79.868 Thread 0x00007fc053274000 Thread exited: 0x00007fc053274000
Event: 79.869 Thread 0x00007fc053a9b800 Thread exited: 0x00007fc053a9b800
Event: 79.871 Thread 0x00007fc053272000 Thread exited: 0x00007fc053272000
Event: 79.871 Thread 0x00007fc05689c000 Thread exited: 0x00007fc05689c000
Event: 79.872 Thread 0x00007fc053275000 Thread exited: 0x00007fc053275000
Event: 79.872 Thread 0x00007fc053a9b000 Thread exited: 0x00007fc053a9b000
Event: 79.873 Thread 0x00007fc055b12000 Thread exited: 0x00007fc055b12000
Event: 79.874 Thread 0x00007fc053a9d000 Thread exited: 0x00007fc053a9d000


Dynamic libraries:
0x0000000008d08000 	/System/Library/Frameworks/Cocoa.framework/Versions/A/Cocoa
0x0000000008d08000 	/System/Library/Frameworks/Security.framework/Versions/A/Security
0x0000000008d08000 	/System/Library/Frameworks/ApplicationServices.framework/Versions/A/ApplicationServices
0x0000000008d08000 	/usr/lib/libz.1.dylib
0x0000000008d08000 	/usr/lib/libSystem.B.dylib
0x0000000008d08000 	/usr/lib/libobjc.A.dylib
0x0000000008d08000 	/System/Library/Frameworks/CoreFoundation.framework/Versions/A/CoreFoundation
0x0000000008d08000 	/System/Library/Frameworks/Foundation.framework/Versions/C/Foundation
0x0000000008d08000 	/System/Library/Frameworks/AppKit.framework/Versions/C/AppKit
0x0000000008d08000 	/System/Library/Frameworks/CoreData.framework/Versions/A/CoreData
0x0000000008d08000 	/System/Library/PrivateFrameworks/RemoteViewServices.framework/Versions/A/RemoteViewServices
0x0000000008d08000 	/System/Library/PrivateFrameworks/UIFoundation.framework/Versions/A/UIFoundation
0x0000000008d08000 	/System/Library/Frameworks/IOSurface.framework/Versions/A/IOSurface
0x0000000008d08000 	/System/Library/Frameworks/AudioToolbox.framework/Versions/A/AudioToolbox
0x0000000008d08000 	/System/Library/Frameworks/AudioUnit.framework/Versions/A/AudioUnit
0x0000000008d08000 	/System/Library/PrivateFrameworks/DataDetectorsCore.framework/Versions/A/DataDetectorsCore
0x0000000008d08000 	/System/Library/PrivateFrameworks/DesktopServicesPriv.framework/Versions/A/DesktopServicesPriv
0x0000000008d08000 	/System/Library/Frameworks/Carbon.framework/Versions/A/Frameworks/HIToolbox.framework/Versions/A/HIToolbox
0x0000000008d08000 	/System/Library/Frameworks/QuartzCore.framework/Versions/A/QuartzCore
0x0000000008d08000 	/System/Library/Frameworks/Carbon.framework/Versions/A/Frameworks/SpeechRecognition.framework/Versions/A/SpeechRecognition
0x0000000008d08000 	/usr/lib/libauto.dylib
0x0000000008d08000 	/usr/lib/libicucore.A.dylib
0x0000000008d08000 	/usr/lib/libxml2.2.dylib
0x0000000008d08000 	/System/Library/PrivateFrameworks/CoreUI.framework/Versions/A/CoreUI
0x0000000008d08000 	/System/Library/Frameworks/CoreAudio.framework/Versions/A/CoreAudio
0x0000000008d08000 	/System/Library/Frameworks/DiskArbitration.framework/Versions/A/DiskArbitration
0x0000000008d08000 	/usr/lib/liblangid.dylib
0x0000000008d08000 	/System/Library/PrivateFrameworks/MultitouchSupport.framework/Versions/A/MultitouchSupport
0x0000000008d08000 	/System/Library/Frameworks/IOKit.framework/Versions/A/IOKit
0x0000000008d08000 	/usr/lib/libDiagnosticMessagesClient.dylib
0x0000000008d08000 	/System/Library/Frameworks/CoreServices.framework/Versions/A/CoreServices
0x0000000008d08000 	/System/Library/PrivateFrameworks/PerformanceAnalysis.framework/Versions/A/PerformanceAnalysis
0x0000000008d08000 	/System/Library/PrivateFrameworks/GenerationalStorage.framework/Versions/A/GenerationalStorage
0x0000000008d08000 	/System/Library/Frameworks/OpenGL.framework/Versions/A/OpenGL
0x0000000008d08000 	/System/Library/PrivateFrameworks/Sharing.framework/Versions/A/Sharing
0x0000000008d08000 	/System/Library/Frameworks/CoreGraphics.framework/Versions/A/CoreGraphics
0x0000000008d08000 	/System/Library/Frameworks/CoreText.framework/Versions/A/CoreText
0x0000000008d08000 	/System/Library/Frameworks/ImageIO.framework/Versions/A/ImageIO
0x0000000008d08000 	/usr/lib/libextension.dylib
0x0000000008d08000 	/System/Library/PrivateFrameworks/Backup.framework/Versions/A/Backup
0x0000000008d08000 	/usr/lib/libarchive.2.dylib
0x0000000008d08000 	/System/Library/Frameworks/CFNetwork.framework/Versions/A/CFNetwork
0x0000000008d08000 	/System/Library/Frameworks/SystemConfiguration.framework/Versions/A/SystemConfiguration
0x0000000008d08000 	/usr/lib/libCRFSuite.dylib
0x0000000008d08000 	/usr/lib/libc++.1.dylib
0x0000000008d08000 	/usr/lib/libc++abi.dylib
0x0000000008d08000 	/usr/lib/system/libcache.dylib
0x0000000008d08000 	/usr/lib/system/libcommonCrypto.dylib
0x0000000008d08000 	/usr/lib/system/libcompiler_rt.dylib
0x0000000008d08000 	/usr/lib/system/libcopyfile.dylib
0x0000000008d08000 	/usr/lib/system/libcorecrypto.dylib
0x0000000008d08000 	/usr/lib/system/libdispatch.dylib
0x0000000008d08000 	/usr/lib/system/libdyld.dylib
0x0000000008d08000 	/usr/lib/system/libkeymgr.dylib
0x0000000008d08000 	/usr/lib/system/liblaunch.dylib
0x0000000008d08000 	/usr/lib/system/libmacho.dylib
0x0000000008d08000 	/usr/lib/system/libquarantine.dylib
0x0000000008d08000 	/usr/lib/system/libremovefile.dylib
0x0000000008d08000 	/usr/lib/system/libsystem_asl.dylib
0x0000000008d08000 	/usr/lib/system/libsystem_blocks.dylib
0x0000000008d08000 	/usr/lib/system/libsystem_c.dylib
0x0000000008d08000 	/usr/lib/system/libsystem_configuration.dylib
0x0000000008d08000 	/usr/lib/system/libsystem_coreservices.dylib
0x0000000008d08000 	/usr/lib/system/libsystem_coretls.dylib
0x0000000008d08000 	/usr/lib/system/libsystem_dnssd.dylib
0x0000000008d08000 	/usr/lib/system/libsystem_info.dylib
0x0000000008d08000 	/usr/lib/system/libsystem_kernel.dylib
0x0000000008d08000 	/usr/lib/system/libsystem_m.dylib
0x0000000008d08000 	/usr/lib/system/libsystem_malloc.dylib
0x0000000008d08000 	/usr/lib/system/libsystem_network.dylib
0x0000000008d08000 	/usr/lib/system/libsystem_networkextension.dylib
0x0000000008d08000 	/usr/lib/system/libsystem_notify.dylib
0x0000000008d08000 	/usr/lib/system/libsystem_platform.dylib
0x0000000008d08000 	/usr/lib/system/libsystem_pthread.dylib
0x0000000008d08000 	/usr/lib/system/libsystem_sandbox.dylib
0x0000000008d08000 	/usr/lib/system/libsystem_secinit.dylib
0x0000000008d08000 	/usr/lib/system/libsystem_stats.dylib
0x0000000008d08000 	/usr/lib/system/libsystem_trace.dylib
0x0000000008d08000 	/usr/lib/system/libunc.dylib
0x0000000008d08000 	/usr/lib/system/libunwind.dylib
0x0000000008d08000 	/usr/lib/system/libxpc.dylib
0x0000000008d08000 	/usr/lib/libbz2.1.0.dylib
0x0000000008d08000 	/usr/lib/liblzma.5.dylib
0x0000000008d08000 	/usr/lib/libbsm.0.dylib
0x0000000008d08000 	/usr/lib/libsqlite3.dylib
0x0000000008d08000 	/usr/lib/system/libkxld.dylib
0x0000000008d08000 	/usr/lib/libxar.1.dylib
0x0000000008d08000 	/usr/lib/libpam.2.dylib
0x0000000008d08000 	/usr/lib/libOpenScriptingUtil.dylib
0x0000000008d08000 	/System/Library/Frameworks/CoreServices.framework/Versions/A/Frameworks/FSEvents.framework/Versions/A/FSEvents
0x0000000008d08000 	/System/Library/Frameworks/CoreServices.framework/Versions/A/Frameworks/CarbonCore.framework/Versions/A/CarbonCore
0x0000000008d08000 	/System/Library/Frameworks/CoreServices.framework/Versions/A/Frameworks/Metadata.framework/Versions/A/Metadata
0x0000000008d08000 	/System/Library/Frameworks/CoreServices.framework/Versions/A/Frameworks/OSServices.framework/Versions/A/OSServices
0x0000000008d08000 	/System/Library/Frameworks/CoreServices.framework/Versions/A/Frameworks/SearchKit.framework/Versions/A/SearchKit
0x0000000008d08000 	/System/Library/Frameworks/CoreServices.framework/Versions/A/Frameworks/AE.framework/Versions/A/AE
0x0000000008d08000 	/System/Library/Frameworks/CoreServices.framework/Versions/A/Frameworks/LaunchServices.framework/Versions/A/LaunchServices
0x0000000008d08000 	/System/Library/Frameworks/CoreServices.framework/Versions/A/Frameworks/DictionaryServices.framework/Versions/A/DictionaryServices
0x0000000008d08000 	/System/Library/Frameworks/NetFS.framework/Versions/A/NetFS
0x0000000008d08000 	/System/Library/PrivateFrameworks/NetAuth.framework/Versions/A/NetAuth
0x0000000008d08000 	/System/Library/PrivateFrameworks/login.framework/Versions/A/Frameworks/loginsupport.framework/Versions/A/loginsupport
0x0000000008d08000 	/System/Library/PrivateFrameworks/TCC.framework/Versions/A/TCC
0x0000000008d08000 	/usr/lib/libmecabra.dylib
0x0000000008d08000 	/System/Library/Frameworks/ApplicationServices.framework/Versions/A/Frameworks/ATS.framework/Versions/A/ATS
0x0000000008d08000 	/System/Library/Frameworks/ApplicationServices.framework/Versions/A/Frameworks/ColorSync.framework/Versions/A/ColorSync
0x0000000008d08000 	/System/Library/Frameworks/ApplicationServices.framework/Versions/A/Frameworks/HIServices.framework/Versions/A/HIServices
0x0000000008d08000 	/System/Library/Frameworks/ApplicationServices.framework/Versions/A/Frameworks/LangAnalysis.framework/Versions/A/LangAnalysis
0x0000000008d08000 	/System/Library/Frameworks/ApplicationServices.framework/Versions/A/Frameworks/PrintCore.framework/Versions/A/PrintCore
0x0000000008d08000 	/System/Library/Frameworks/ApplicationServices.framework/Versions/A/Frameworks/QD.framework/Versions/A/QD
0x0000000008d08000 	/System/Library/Frameworks/ApplicationServices.framework/Versions/A/Frameworks/SpeechSynthesis.framework/Versions/A/SpeechSynthesis
0x0000000008d08000 	/System/Library/Frameworks/Accelerate.framework/Versions/A/Accelerate
0x0000000008d08000 	/System/Library/Frameworks/Accelerate.framework/Versions/A/Frameworks/vImage.framework/Versions/A/vImage
0x0000000008d08000 	/System/Library/Frameworks/Accelerate.framework/Versions/A/Frameworks/vecLib.framework/Versions/A/vecLib
0x0000000008d08000 	/System/Library/Frameworks/Accelerate.framework/Versions/A/Frameworks/vecLib.framework/Versions/A/libvDSP.dylib
0x0000000008d08000 	/System/Library/Frameworks/Accelerate.framework/Versions/A/Frameworks/vecLib.framework/Versions/A/libvMisc.dylib
0x0000000008d08000 	/System/Library/Frameworks/Accelerate.framework/Versions/A/Frameworks/vecLib.framework/Versions/A/libLAPACK.dylib
0x0000000008d08000 	/System/Library/Frameworks/Accelerate.framework/Versions/A/Frameworks/vecLib.framework/Versions/A/libBLAS.dylib
0x0000000008d08000 	/System/Library/Frameworks/Accelerate.framework/Versions/A/Frameworks/vecLib.framework/Versions/A/libLinearAlgebra.dylib
0x0000000008d08000 	/System/Library/Frameworks/ApplicationServices.framework/Versions/A/Frameworks/ATS.framework/Versions/A/Resources/libFontParser.dylib
0x0000000008d08000 	/System/Library/Frameworks/ApplicationServices.framework/Versions/A/Frameworks/ATS.framework/Versions/A/Resources/libFontRegistry.dylib
0x0000000008d08000 	/System/Library/PrivateFrameworks/AppleVPA.framework/Versions/A/AppleVPA
0x0000000008d08000 	/System/Library/PrivateFrameworks/AppleJPEG.framework/Versions/A/AppleJPEG
0x0000000008d08000 	/System/Library/Frameworks/ImageIO.framework/Versions/A/Resources/libJPEG.dylib
0x0000000008d08000 	/System/Library/Frameworks/ImageIO.framework/Versions/A/Resources/libTIFF.dylib
0x0000000008d08000 	/System/Library/Frameworks/ImageIO.framework/Versions/A/Resources/libPng.dylib
0x0000000008d08000 	/System/Library/Frameworks/ImageIO.framework/Versions/A/Resources/libGIF.dylib
0x0000000008d08000 	/System/Library/Frameworks/ImageIO.framework/Versions/A/Resources/libJP2.dylib
0x0000000008d08000 	/System/Library/Frameworks/ImageIO.framework/Versions/A/Resources/libRadiance.dylib
0x0000000008d08000 	/System/Library/Frameworks/CoreVideo.framework/Versions/A/CoreVideo
0x0000000008d08000 	/System/Library/Frameworks/OpenGL.framework/Versions/A/Libraries/libGLU.dylib
0x0000000008d08000 	/System/Library/Frameworks/OpenGL.framework/Versions/A/Libraries/libGFXShared.dylib
0x0000000008d08000 	/System/Library/Frameworks/OpenGL.framework/Versions/A/Libraries/libGL.dylib
0x0000000008d08000 	/System/Library/Frameworks/OpenGL.framework/Versions/A/Libraries/libGLImage.dylib
0x0000000008d08000 	/System/Library/Frameworks/OpenGL.framework/Versions/A/Libraries/libCVMSPluginSupport.dylib
0x0000000008d08000 	/System/Library/Frameworks/OpenGL.framework/Versions/A/Libraries/libCoreVMClient.dylib
0x0000000008d08000 	/usr/lib/libcups.2.dylib
0x0000000008d08000 	/System/Library/Frameworks/Kerberos.framework/Versions/A/Kerberos
0x0000000008d08000 	/System/Library/Frameworks/GSS.framework/Versions/A/GSS
0x0000000008d08000 	/usr/lib/libresolv.9.dylib
0x0000000008d08000 	/usr/lib/libiconv.2.dylib
0x0000000008d08000 	/System/Library/PrivateFrameworks/Heimdal.framework/Versions/A/Heimdal
0x0000000008d08000 	/usr/lib/libheimdal-asn1.dylib
0x0000000008d08000 	/System/Library/Frameworks/OpenDirectory.framework/Versions/A/OpenDirectory
0x0000000008d08000 	/System/Library/PrivateFrameworks/CommonAuth.framework/Versions/A/CommonAuth
0x0000000008d08000 	/System/Library/Frameworks/OpenDirectory.framework/Versions/A/Frameworks/CFOpenDirectory.framework/Versions/A/CFOpenDirectory
0x0000000008d08000 	/System/Library/Frameworks/SecurityFoundation.framework/Versions/A/SecurityFoundation
0x0000000008d08000 	/System/Library/PrivateFrameworks/LanguageModeling.framework/Versions/A/LanguageModeling
0x0000000008d08000 	/usr/lib/libcmph.dylib
0x0000000008d08000 	/System/Library/Frameworks/ServiceManagement.framework/Versions/A/ServiceManagement
0x0000000008d08000 	/usr/lib/libxslt.1.dylib
0x0000000008d08000 	/System/Library/Frameworks/Carbon.framework/Versions/A/Frameworks/Ink.framework/Versions/A/Ink
0x0000000008d08000 	/System/Library/Frameworks/QuartzCore.framework/Versions/A/Frameworks/CoreImage.framework/Versions/A/CoreImage
0x0000000008d08000 	/System/Library/PrivateFrameworks/CrashReporterSupport.framework/Versions/A/CrashReporterSupport
0x0000000008d08000 	/System/Library/Frameworks/OpenCL.framework/Versions/A/OpenCL
0x0000000008d08000 	/System/Library/PrivateFrameworks/FaceCore.framework/Versions/A/FaceCore
0x0000000008d08000 	/System/Library/PrivateFrameworks/Ubiquity.framework/Versions/A/Ubiquity
0x0000000008d08000 	/System/Library/PrivateFrameworks/IconServices.framework/Versions/A/IconServices
0x0000000008d08000 	/System/Library/PrivateFrameworks/ChunkingLibrary.framework/Versions/A/ChunkingLibrary
0x0000000008d08000 	/System/Library/PrivateFrameworks/Apple80211.framework/Versions/A/Apple80211
0x0000000008d08000 	/System/Library/Frameworks/CoreWLAN.framework/Versions/A/CoreWLAN
0x0000000008d08000 	/System/Library/Frameworks/IOBluetooth.framework/Versions/A/IOBluetooth
0x0000000008d08000 	/System/Library/PrivateFrameworks/CoreWiFi.framework/Versions/A/CoreWiFi
0x0000000008d08000 	/System/Library/Frameworks/CoreBluetooth.framework/Versions/A/CoreBluetooth
0x0000000008d08000 	/System/Library/PrivateFrameworks/DebugSymbols.framework/Versions/A/DebugSymbols
0x0000000008d08000 	/System/Library/PrivateFrameworks/CoreSymbolication.framework/Versions/A/CoreSymbolication
0x0000000008d08000 	/System/Library/PrivateFrameworks/Symbolication.framework/Versions/A/Symbolication
0x0000000008d08000 	/System/Library/PrivateFrameworks/SpeechRecognitionCore.framework/Versions/A/SpeechRecognitionCore
0x0000000105000000 	/Library/Java/JavaVirtualMachines/jdk1.8.0_31.jdk/Contents/Home/jre/lib/server/libjvm.dylib
0x0000000008d08000 	/usr/lib/libstdc++.6.dylib
0x0000000103f5e000 	/Library/Java/JavaVirtualMachines/jdk1.8.0_31.jdk/Contents/Home/jre/lib/libverify.dylib
0x0000000103f6c000 	/Library/Java/JavaVirtualMachines/jdk1.8.0_31.jdk/Contents/Home/jre/lib/libjava.dylib
0x0000000103faa000 	/Library/Java/JavaVirtualMachines/jdk1.8.0_31.jdk/Contents/Home/jre/lib/libzip.dylib
0x000000011cfd8000 	/System/Library/Frameworks/JavaVM.framework/Frameworks/JavaRuntimeSupport.framework/JavaRuntimeSupport
0x000000011cfee000 	/System/Library/Frameworks/JavaVM.framework/Versions/A/Frameworks/JavaNativeFoundation.framework/Versions/A/JavaNativeFoundation
0x000000011d002000 	/System/Library/Frameworks/JavaVM.framework/Versions/A/JavaVM
0x0000000008d08000 	/System/Library/Frameworks/Carbon.framework/Versions/A/Carbon
0x000000011d00e000 	/System/Library/PrivateFrameworks/JavaLaunching.framework/Versions/A/JavaLaunching
0x0000000008d08000 	/System/Library/Frameworks/Carbon.framework/Versions/A/Frameworks/CommonPanels.framework/Versions/A/CommonPanels
0x0000000008d08000 	/System/Library/Frameworks/Carbon.framework/Versions/A/Frameworks/Help.framework/Versions/A/Help
0x0000000008d08000 	/System/Library/Frameworks/Carbon.framework/Versions/A/Frameworks/ImageCapture.framework/Versions/A/ImageCapture
0x0000000008d08000 	/System/Library/Frameworks/Carbon.framework/Versions/A/Frameworks/OpenScripting.framework/Versions/A/OpenScripting
0x0000000008d08000 	/System/Library/Frameworks/Carbon.framework/Versions/A/Frameworks/Print.framework/Versions/A/Print
0x0000000008d08000 	/System/Library/Frameworks/Carbon.framework/Versions/A/Frameworks/SecurityHI.framework/Versions/A/SecurityHI
0x000000011f0bc000 	/Library/Java/JavaVirtualMachines/jdk1.8.0_31.jdk/Contents/Home/jre/lib/libprism_es2.dylib
0x0000000008d08000 	/System/Library/Frameworks/OpenGL.framework/Versions/A/Resources/GLEngine.bundle/GLEngine
0x0000000008d08000 	/System/Library/Frameworks/OpenGL.framework/Versions/A/Libraries/libGLProgrammability.dylib
0x0000000000000000 	/System/Library/Extensions/AppleIntelHD4000GraphicsGLDriver.bundle/Contents/MacOS/AppleIntelHD4000GraphicsGLDriver
0x0000000008d08000 	/System/Library/PrivateFrameworks/IOAccelerator.framework/Versions/A/IOAccelerator
0x0000000008d08000 	/System/Library/PrivateFrameworks/GPUSupport.framework/Versions/A/Libraries/libGPUSupportMercury.dylib
0x0000000000000000 	/System/Library/Extensions/GeForceGLDriver.bundle/Contents/MacOS/GeForceGLDriver
0x0000000008d08000 	/System/Library/Extensions/GeForceGLDriver.bundle/Contents/MacOS/libclh.dylib
0x0000000008d08000 	/System/Library/Frameworks/OpenGL.framework/Versions/A/Resources/GLRendererFloat.bundle/GLRendererFloat
0x0000000008d08000 	/System/Library/Frameworks/OpenCL.framework/Versions/A/Libraries/libcldcpuengine.dylib
0x0000000008d08000 	/System/Library/PrivateFrameworks/DiskImages.framework/Versions/A/DiskImages
0x0000000008d08000 	/System/Library/Frameworks/DiscRecording.framework/Versions/A/DiscRecording
0x0000000008d08000 	/usr/lib/libcsfde.dylib
0x0000000008d08000 	/usr/lib/libcurl.4.dylib
0x0000000008d08000 	/System/Library/PrivateFrameworks/MediaKit.framework/Versions/A/MediaKit
0x0000000008d08000 	/System/Library/PrivateFrameworks/ProtectedCloudStorage.framework/Versions/A/ProtectedCloudStorage
0x0000000008d08000 	/usr/lib/libCoreStorage.dylib
0x0000000008d08000 	/System/Library/PrivateFrameworks/EFILogin.framework/Versions/A/EFILogin
0x0000000008d08000 	/usr/lib/libutil.dylib
0x0000000008d08000 	/System/Library/PrivateFrameworks/FindMyDevice.framework/Versions/A/FindMyDevice
0x0000000008d08000 	/System/Library/Frameworks/LDAP.framework/Versions/A/LDAP
0x0000000008d08000 	/usr/lib/libsasl2.2.dylib
0x0000000008d08000 	/System/Library/PrivateFrameworks/CoreDaemon.framework/Versions/B/CoreDaemon
0x0000000008d08000 	/usr/lib/libcrypto.0.9.8.dylib
0x0000000008d08000 	/System/Library/PrivateFrameworks/AppleSRP.framework/Versions/A/AppleSRP
0x0000000008d08000 	/System/Library/PrivateFrameworks/TrustEvaluationAgent.framework/Versions/A/TrustEvaluationAgent
0x000000011f7a7000 	/Library/Java/JavaVirtualMachines/jdk1.8.0_31.jdk/Contents/Home/jre/lib/libglass.dylib
0x0000000008d08000 	/System/Library/PrivateFrameworks/CoreServicesInternal.framework/Versions/A/CoreServicesInternal
0x0000000008d08000 	/System/Library/PrivateFrameworks/CloudDocs.framework/Versions/A/CloudDocs
0x0000000008d08000 	/System/Library/PrivateFrameworks/CoreDuet.framework/Versions/A/CoreDuet
0x0000000008d08000 	/System/Library/Frameworks/CloudKit.framework/Versions/A/CloudKit
0x0000000008d08000 	/System/Library/PrivateFrameworks/ProtocolBuffer.framework/Versions/A/ProtocolBuffer
0x0000000008d08000 	/System/Library/PrivateFrameworks/CoreDuetDaemonProtocol.framework/Versions/A/CoreDuetDaemonProtocol
0x0000000008d08000 	/System/Library/PrivateFrameworks/CoreDuetDebugLogging.framework/Versions/A/CoreDuetDebugLogging
0x0000000008d08000 	/System/Library/Frameworks/CoreLocation.framework/Versions/A/CoreLocation
0x0000000008d08000 	/System/Library/Frameworks/Accounts.framework/Versions/A/Accounts
0x0000000008d08000 	/System/Library/PrivateFrameworks/ApplePushService.framework/Versions/A/ApplePushService
0x0000000008d08000 	/System/Library/PrivateFrameworks/GeoServices.framework/Versions/A/GeoServices
0x0000000008d08000 	/System/Library/PrivateFrameworks/OAuth.framework/Versions/A/OAuth
0x0000000008d08000 	/System/Library/Frameworks/CoreGraphics.framework/Versions/A/Resources/libCGCMS.A.dylib
0x0000000120ae7000 	/System/Library/CoreServices/RawCamera.bundle/Contents/MacOS/RawCamera
0x0000000008d08000 	/System/Library/Frameworks/CoreGraphics.framework/Versions/A/Resources/libRIP.A.dylib
0x0000000008d08000 	/System/Library/PrivateFrameworks/FamilyControls.framework/Versions/A/FamilyControls
0x0000000008d08000 	/System/Library/PrivateFrameworks/CommerceKit.framework/Versions/A/Frameworks/CommerceCore.framework/Versions/A/CommerceCore
0x0000000008d08000 	/System/Library/PrivateFrameworks/SystemAdministration.framework/Versions/A/SystemAdministration
0x0000000008d08000 	/System/Library/PrivateFrameworks/AppContainer.framework/Versions/A/AppContainer
0x0000000008d08000 	/System/Library/PrivateFrameworks/SecCodeWrapper.framework/Versions/A/SecCodeWrapper
0x0000000008d08000 	/System/Library/Frameworks/DirectoryService.framework/Versions/A/DirectoryService
0x0000000008d08000 	/System/Library/PrivateFrameworks/LoginUIKit.framework/Versions/A/Frameworks/LoginUICore.framework/Versions/A/LoginUICore
0x0000000008d08000 	/usr/lib/libodfde.dylib
0x0000000123a35000 	/Library/Java/JavaVirtualMachines/jdk1.8.0_31.jdk/Contents/Home/jre/lib/libawt.dylib
0x0000000123ae4000 	/Library/Java/JavaVirtualMachines/jdk1.8.0_31.jdk/Contents/Home/jre/lib/./libmlib_image.dylib
0x0000000123bb0000 	/Library/Java/JavaVirtualMachines/jdk1.8.0_31.jdk/Contents/Home/jre/lib/libawt_lwawt.dylib
0x0000000123c63000 	/Library/Java/JavaVirtualMachines/jdk1.8.0_31.jdk/Contents/Home/jre/lib/./libosxapp.dylib
0x0000000008d08000 	/System/Library/Frameworks/ExceptionHandling.framework/Versions/A/ExceptionHandling
0x0000000123c7f000 	/Library/Java/JavaVirtualMachines/jdk1.8.0_31.jdk/Contents/Home/jre/lib/libfontmanager.dylib
0x0000000123e19000 	/Library/Java/JavaVirtualMachines/jdk1.8.0_31.jdk/Contents/Home/jre/lib/libjpeg.dylib
0x0000000124b83000 	/Library/Java/JavaVirtualMachines/jdk1.8.0_31.jdk/Contents/Home/jre/lib/libnet.dylib
0x0000000124f9e000 	/Library/Java/JavaVirtualMachines/jdk1.8.0_31.jdk/Contents/Home/jre/lib/libjavafx_font.dylib
0x00000001251a9000 	/Library/Java/JavaVirtualMachines/jdk1.8.0_31.jdk/Contents/Home/jre/lib/libjavafx_iio.dylib
0x0000000008d08000 	/System/Library/Frameworks/CoreGraphics.framework/Versions/A/Resources/libCGXType.A.dylib
0x0000000129941000 	cl_kernels
0x000000012994b000 	/System/Library/Frameworks/OpenCL.framework/Versions/A/Libraries/ImageFormats/unorm8_bgra.dylib
0x0000000129c28000 	cl_kernels
0x0000000129c0c000 	/Library/Java/JavaVirtualMachines/jdk1.8.0_31.jdk/Contents/Home/jre/lib/libprism_common.dylib

VM Arguments:
jvm_args: -Dfile.encoding=UTF-8 
java_command: GUI.Main
java_class_path (initial): /Users/elizabeth_dye/Documents/GuessWho2/bin:/Users/elizabeth_dye/Downloads/eclipse 2/plugins/org.eclipse.fx.ide.css.jfx8_1.1.0.201411050807.jar:/Users/elizabeth_dye/Downloads/eclipse 2/plugins/org.junit_4.11.0.v201303080030/junit.jar:/Users/elizabeth_dye/Downloads/eclipse 2/plugins/org.hamcrest.core_1.3.0.v201303031735.jar
Launcher Type: SUN_STANDARD

Environment Variables:
PATH=/usr/bin:/bin:/usr/sbin:/sbin
SHELL=/bin/bash

Signal Handlers:
SIGSEGV: [libjvm.dylib+0x57a0e7], sa_mask[0]=11111111011111110111111111111111, sa_flags=SA_ONSTACK|SA_RESTART|SA_SIGINFO
SIGBUS: [libjvm.dylib+0x57a0e7], sa_mask[0]=11111111011111110111111111111111, sa_flags=SA_RESTART|SA_SIGINFO
SIGFPE: [libjvm.dylib+0x45af24], sa_mask[0]=11111111011111110111111111111111, sa_flags=SA_RESTART|SA_SIGINFO
SIGPIPE: [libjvm.dylib+0x45af24], sa_mask[0]=11111111011111110111111111111111, sa_flags=SA_RESTART|SA_SIGINFO
SIGXFSZ: [libjvm.dylib+0x45af24], sa_mask[0]=11111111011111110111111111111111, sa_flags=SA_RESTART|SA_SIGINFO
SIGILL: [libjvm.dylib+0x45af24], sa_mask[0]=11111111011111110111111111111111, sa_flags=SA_RESTART|SA_SIGINFO
SIGUSR1: SIG_DFL, sa_mask[0]=00000000000000000000000000000000, sa_flags=none
SIGUSR2: [libjvm.dylib+0x45aa42], sa_mask[0]=00100000000000000000000000000000, sa_flags=SA_RESTART|SA_SIGINFO
SIGHUP: [libjvm.dylib+0x459015], sa_mask[0]=11111111011111110111111111111111, sa_flags=SA_RESTART|SA_SIGINFO
SIGINT: [libjvm.dylib+0x459015], sa_mask[0]=11111111011111110111111111111111, sa_flags=SA_RESTART|SA_SIGINFO
SIGTERM: [libjvm.dylib+0x459015], sa_mask[0]=11111111011111110111111111111111, sa_flags=SA_RESTART|SA_SIGINFO
SIGQUIT: [libjvm.dylib+0x459015], sa_mask[0]=11111111011111110111111111111111, sa_flags=SA_RESTART|SA_SIGINFO


---------------  S Y S T E M  ---------------

OS:Bsduname:Darwin 14.1.0 Darwin Kernel Version 14.1.0: Mon Dec 22 23:10:38 PST 2014; root:xnu-2782.10.72~2/RELEASE_X86_64 x86_64
rlimit: STACK 8192k, CORE 0k, NPROC 709, NOFILE 10240, AS infinity
load average:2.18 2.06 1.99

CPU:total 8 (4 cores per cpu, 2 threads per core) family 6 model 58 stepping 9, cmov, cx8, fxsr, mmx, sse, sse2, sse3, ssse3, sse4.1, sse4.2, popcnt, avx, aes, clmul, erms, ht, tsc, tscinvbit, tscinv

Memory: 4k page, physical 8388608k(261940k free)

/proc/meminfo:


vm_info: Java HotSpot(TM) 64-Bit Server VM (25.31-b07) for bsd-amd64 JRE (1.8.0_31-b13), built on Dec 17 2014 20:45:36 by "java_re" with gcc 4.2.1 (Based on Apple Inc. build 5658) (LLVM build 2336.11.00)

time: Mon Mar 16 20:30:26 2015
elapsed time: 106 seconds (0d 0h 1m 46s)

