#
# A fatal error has been detected by the Java Runtime Environment:
#
#  SIGSEGV (0xb) at pc=0x00000001260fa3fd, pid=29354, tid=1811
#
# JRE version: Java(TM) SE Runtime Environment (8.0_31-b13) (build 1.8.0_31-b13)
# Java VM: Java HotSpot(TM) 64-Bit Server VM (25.31-b07 mixed mode bsd-amd64 compressed oops)
# Problematic frame:
# C  [libglass.dylib+0x163fd]  GlassScreenDidChangeScreenParameters+0x9d
#
# Failed to write core dump. Core dumps have been disabled. To enable core dumping, try "ulimit -c unlimited" before starting Java again
#
# If you would like to submit a bug report, please visit:
#   http://bugreport.java.com/bugreport/crash.jsp
#

---------------  T H R E A D  ---------------

Current thread is native thread

siginfo: si_signo: 11 (SIGSEGV), si_code: 1 (SEGV_MAPERR), si_addr: 0x0000000000000000

Registers:
RAX=0x000000012612ce40, RBX=0x0000000000000000, RCX=0xe000bac76bbe0355, RDX=0x00007fbd60d545f0
RSP=0x00007fff5557a090, RBP=0x00007fff5557a0a0, RSI=0x00007fbd60d21528, RDI=0x0000000000000000
R8 =0x00007fff55579f40, R9 =0x00007fff78d4e300, R10=0x0000000000000000, R11=0x0000000000000246
R12=0x00007fbd60c0a3c0, R13=0x00000000000f4268, R14=0x00007fbd60c57450, R15=0x00007fff5557a1e8
RIP=0x00000001260fa3fd, EFLAGS=0x0000000000010206, ERR=0x0000000000000004
  TRAPNO=0x000000000000000e

Top of Stack: (sp=0x00007fff5557a090)
0x00007fff5557a090:   00007fff5557a288 00007fbd60c57450
0x00007fff5557a0a0:   00007fff5557a0b0 00007fff96743cdc
0x00007fff5557a0b0:   00007fff5557a410 00007fff96635244
0x00007fff5557a0c0:   00007fff7b10e8e4 00007fff7b10e8e8
0x00007fff5557a0d0:   0000000000000013 0000000000000000
0x00007fff5557a0e0:   00000000000f429b 00000000000009f0
0x00007fff5557a0f0:   0000000000000000 00007fbd60c57450
0x00007fff5557a100:   0000000000000000 00007fff5557a1e0
0x00007fff5557a110:   0000000000000000 00007fbd60c57410
0x00007fff5557a120:   00007fff5557a260 000000000000006a
0x00007fff5557a130:   00000000000f4341 00007fbd670d9bf0
0x00007fff5557a140:   00007fbd60f11ba0 00007fbd60c0a3c0
0x00007fff5557a150:   0000000000000001 00000000000f4268
0x00007fff5557a160:   00007fbd60c0a3b0 000000010a69d000
0x00007fff5557a170:   00007fff5557a210 00007fff95b3d4ff
0x00007fff5557a180:   00007fbd62945090 00007fbd62945200
0x00007fff5557a190:   000000010a69d000 000000010a69d000
0x00007fff5557a1a0:   00007fff5557a240 00007fff95b3d4ff
0x00007fff5557a1b0:   00007fbd60ffc080 000000000000000d
0x00007fff5557a1c0:   00056e0360c0a3e4 00007fbd60c0a3e4
0x00007fff5557a1d0:   0000000000000000 00007fff8d41864f
0x00007fff5557a1e0:   00007fbd60c68c10 00007fbd60c57450
0x00007fff5557a1f0:   0000000300000003 0000000000000000
0x00007fff5557a200:   00007fff5557a27c 00007fff5557a280
0x00007fff5557a210:   000000010a6a0a00 0000000000000002
0x00007fff5557a220:   000000010a69d000 00007fbd60ef3f42
0x00007fff5557a230:   0000000000000003 000000010a6a1e00
0x00007fff5557a240:   00007fff5557a330 00007fff95b3a2a2
0x00007fff5557a250:   039fffffffffd511 0000000000069a07
0x00007fff5557a260:   0000000000000014 0000000000000000
0x00007fff5557a270:   00000000000f429c 0000000000000017
0x00007fff5557a280:   0000000000000000 00000000000f4268 

Instructions: (pc=0x00000001260fa3fd)
0x00000001260fa3dd:   89 df 4c 89 f1 41 ff 90 68 04 00 00 48 8d 05 58
0x00000001260fa3ed:   29 03 00 48 8b 30 48 8d 05 46 2a 03 00 48 8b 10
0x00000001260fa3fd:   48 8b 0b 30 c0 48 89 df ff 91 68 04 00 00 48 8b
0x00000001260fa40d:   03 48 89 df ff 50 78 48 85 c0 74 36 49 89 c6 48 

Register to memory mapping:

RAX=0x000000012612ce40: jScreenNotifySettingsChanged+0 in /Library/Java/JavaVirtualMachines/jdk1.8.0_31.jdk/Contents/Home/jre/lib/libglass.dylib at 0x00000001260e4000
RBX=0x0000000000000000 is an unknown value
RCX=0xe000bac76bbe0355 is an unknown value
RDX=0x00007fbd60d545f0 is an unknown value
RSP=0x00007fff5557a090 is an unknown value
RBP=0x00007fff5557a0a0 is an unknown value
RSI=0x00007fbd60d21528 is a global jni handle
RDI=0x0000000000000000 is an unknown value
R8 =0x00007fff55579f40 is an unknown value
R9 =0x00007fff78d4e300: _thread+0 in /usr/lib/system/libsystem_pthread.dylib at 0x00007fff88e59000
R10=0x0000000000000000 is an unknown value
R11=0x0000000000000246 is an unknown value
R12=0x00007fbd60c0a3c0 is an unknown value
R13=0x00000000000f4268 is an unknown value
R14=0x00007fbd60c57450 is an unknown value
R15=0x00007fff5557a1e8 is an unknown value


Stack: [0x00007fff54d7d000,0x00007fff5557d000],  sp=0x00007fff5557a090,  free space=8180k
Native frames: (J=compiled Java code, j=interpreted, Vv=VM code, C=native code)
C  [libglass.dylib+0x163fd]  GlassScreenDidChangeScreenParameters+0x9d
C  [CoreFoundation+0x11ecdc]  __CFNOTIFICATIONCENTER_IS_CALLING_OUT_TO_AN_OBSERVER__+0xc
C  [CoreFoundation+0x10244]  _CFXNotificationPost+0xc44
C  [Foundation+0x2c31]  -[NSNotificationCenter postNotificationName:object:userInfo:]+0x42
C  [AppKit+0x36305e]  -[NSApplication _reactToScreenInvalidationImmediately:]+0x17b
C  [AppKit+0x362e9d]  __44-[NSApplication _reactToScreenInvalidation:]_block_invoke+0x4b
C  [CoreFoundation+0x8056c]  __CFRUNLOOP_IS_CALLING_OUT_TO_A_BLOCK__+0xc
C  [CoreFoundation+0x72675]  __CFRunLoopDoBlocks+0x155
C  [CoreFoundation+0x721b6]  __CFRunLoopRun+0x716
C  [CoreFoundation+0x71858]  CFRunLoopRunSpecific+0x128
C  [java+0x56cc]  CreateExecutionEnvironment+0x367
C  [java+0x165c]  JLI_Launch+0x7a0
C  [java+0x768a]  main+0x65
C  [java+0xeb4]  start+0x34


---------------  P R O C E S S  ---------------

VM state:not at safepoint (normal execution)

VM Mutex/Monitor currently owned by a thread: None

Heap:
 PSYoungGen      total 38400K, used 12221K [0x0000000795580000, 0x000000079a080000, 0x00000007c0000000)
  eden space 33280K, 36% used [0x0000000795580000,0x000000079616f4b0,0x0000000797600000)
  from space 5120K, 0% used [0x0000000797600000,0x0000000797600000,0x0000000797b00000)
  to   space 5120K, 0% used [0x0000000799b80000,0x0000000799b80000,0x000000079a080000)
 ParOldGen       total 72704K, used 14530K [0x0000000740000000, 0x0000000744700000, 0x0000000795580000)
  object space 72704K, 19% used [0x0000000740000000,0x0000000740e309e0,0x0000000744700000)
 Metaspace       used 20812K, capacity 21796K, committed 21888K, reserved 1069056K
  class space    used 2957K, capacity 3159K, committed 3200K, reserved 1048576K

Card table byte_map: [0x000000011bbe2000,0x000000011bfe3000] byte_map_base: 0x00000001181e2000

Marking Bits: (ParMarkBitMap*) 0x000000010c09e410
 Begin Bits: [0x000000011caa6000, 0x000000011eaa6000)
 End Bits:   [0x000000011eaa6000, 0x0000000120aa6000)

Polling page: 0x000000010a7da000

CodeCache: size=245760Kb used=8102Kb max_used=8102Kb free=237657Kb
 bounds [0x000000010c822000, 0x000000010d012000, 0x000000011b822000]
 total_blobs=3374 nmethods=2631 adapters=657
 compilation: enabled

Compilation events (10 events):
Event: 82.279 Thread 0x00007fbd61813000 2645       3       java.nio.charset.CharsetDecoder::implOnMalformedInput (1 bytes)
Event: 82.279 Thread 0x00007fbd61813000 nmethod 2645 0x000000010d00f450 code [0x000000010d00f5a0, 0x000000010d00f6f0]
Event: 109.135 Thread 0x00007fbd61813000 2646       3       java.util.TaskQueue::getMin (7 bytes)
Event: 109.135 Thread 0x00007fbd61813000 nmethod 2646 0x000000010d00f750 code [0x000000010d00f8c0, 0x000000010d00fa50]
Event: 109.939 Thread 0x00007fbd61813000 2647       1       GUI.Controller::access$0 (5 bytes)
Event: 109.940 Thread 0x00007fbd61813000 nmethod 2647 0x000000010d00fb10 code [0x000000010d00fc60, 0x000000010d00fd50]
Event: 111.547 Thread 0x00007fbd61813000 2648       3       java.util.concurrent.locks.AbstractQueuedSynchronizer::hasQueuedPredecessors (40 bytes)
Event: 111.548 Thread 0x00007fbd61813000 nmethod 2648 0x000000010d00fdd0 code [0x000000010d00ff40, 0x000000010d0101b0]
Event: 131.581 Thread 0x00007fbd61813000 2649       1       sun.java2d.pipe.RenderBuffer::position (11 bytes)
Event: 131.581 Thread 0x00007fbd61813000 nmethod 2649 0x000000010d010290 code [0x000000010d0103e0, 0x000000010d0104f0]

GC Heap History (8 events):
Event: 1.227 GC heap before
{Heap before GC invocations=1 (full 0):
 PSYoungGen      total 38400K, used 33280K [0x0000000795580000, 0x0000000798000000, 0x00000007c0000000)
  eden space 33280K, 100% used [0x0000000795580000,0x0000000797600000,0x0000000797600000)
  from space 5120K, 0% used [0x0000000797b00000,0x0000000797b00000,0x0000000798000000)
  to   space 5120K, 0% used [0x0000000797600000,0x0000000797600000,0x0000000797b00000)
 ParOldGen       total 87552K, used 0K [0x0000000740000000, 0x0000000745580000, 0x0000000795580000)
  object space 87552K, 0% used [0x0000000740000000,0x0000000740000000,0x0000000745580000)
 Metaspace       used 16085K, capacity 16504K, committed 16640K, reserved 1062912K
  class space    used 2202K, capacity 2283K, committed 2304K, reserved 1048576K
Event: 1.233 GC heap after
Heap after GC invocations=1 (full 0):
 PSYoungGen      total 38400K, used 5105K [0x0000000795580000, 0x0000000798000000, 0x00000007c0000000)
  eden space 33280K, 0% used [0x0000000795580000,0x0000000795580000,0x0000000797600000)
  from space 5120K, 99% used [0x0000000797600000,0x0000000797afc4c0,0x0000000797b00000)
  to   space 5120K, 0% used [0x0000000797b00000,0x0000000797b00000,0x0000000798000000)
 ParOldGen       total 87552K, used 647K [0x0000000740000000, 0x0000000745580000, 0x0000000795580000)
  object space 87552K, 0% used [0x0000000740000000,0x00000007400a1fa8,0x0000000745580000)
 Metaspace       used 16085K, capacity 16504K, committed 16640K, reserved 1062912K
  class space    used 2202K, capacity 2283K, committed 2304K, reserved 1048576K
}
Event: 7.052 GC heap before
{Heap before GC invocations=2 (full 0):
 PSYoungGen      total 38400K, used 38385K [0x0000000795580000, 0x0000000798000000, 0x00000007c0000000)
  eden space 33280K, 100% used [0x0000000795580000,0x0000000797600000,0x0000000797600000)
  from space 5120K, 99% used [0x0000000797600000,0x0000000797afc4c0,0x0000000797b00000)
  to   space 5120K, 0% used [0x0000000797b00000,0x0000000797b00000,0x0000000798000000)
 ParOldGen       total 87552K, used 647K [0x0000000740000000, 0x0000000745580000, 0x0000000795580000)
  object space 87552K, 0% used [0x0000000740000000,0x00000007400a1fa8,0x0000000745580000)
 Metaspace       used 19505K, capacity 20118K, committed 20352K, reserved 1067008K
  class space    used 2802K, capacity 2938K, committed 2944K, reserved 1048576K
Event: 7.062 GC heap after
Heap after GC invocations=2 (full 0):
 PSYoungGen      total 38400K, used 5107K [0x0000000795580000, 0x0000000798000000, 0x00000007c0000000)
  eden space 33280K, 0% used [0x0000000795580000,0x0000000795580000,0x0000000797600000)
  from space 5120K, 99% used [0x0000000797b00000,0x0000000797ffcd20,0x0000000798000000)
  to   space 5120K, 0% used [0x0000000797600000,0x0000000797600000,0x0000000797b00000)
 ParOldGen       total 87552K, used 11807K [0x0000000740000000, 0x0000000745580000, 0x0000000795580000)
  object space 87552K, 13% used [0x0000000740000000,0x0000000740b87e18,0x0000000745580000)
 Metaspace       used 19505K, capacity 20118K, committed 20352K, reserved 1067008K
  class space    used 2802K, capacity 2938K, committed 2944K, reserved 1048576K
}
Event: 7.237 GC heap before
{Heap before GC invocations=3 (full 0):
 PSYoungGen      total 38400K, used 17043K [0x0000000795580000, 0x0000000798000000, 0x00000007c0000000)
  eden space 33280K, 35% used [0x0000000795580000,0x0000000796127fe0,0x0000000797600000)
  from space 5120K, 99% used [0x0000000797b00000,0x0000000797ffcd20,0x0000000798000000)
  to   space 5120K, 0% used [0x0000000797600000,0x0000000797600000,0x0000000797b00000)
 ParOldGen       total 87552K, used 11807K [0x0000000740000000, 0x0000000745580000, 0x0000000795580000)
  object space 87552K, 13% used [0x0000000740000000,0x0000000740b87e18,0x0000000745580000)
 Metaspace       used 20320K, capacity 21178K, committed 21296K, reserved 1067008K
  class space    used 2931K, capacity 3116K, committed 3200K, reserved 1048576K
Event: 7.243 GC heap after
Heap after GC invocations=3 (full 0):
 PSYoungGen      total 38400K, used 5111K [0x0000000795580000, 0x000000079a080000, 0x00000007c0000000)
  eden space 33280K, 0% used [0x0000000795580000,0x0000000795580000,0x0000000797600000)
  from space 5120K, 99% used [0x0000000797600000,0x0000000797afdcf0,0x0000000797b00000)
  to   space 5120K, 0% used [0x0000000799b80000,0x0000000799b80000,0x000000079a080000)
 ParOldGen       total 87552K, used 12883K [0x0000000740000000, 0x0000000745580000, 0x0000000795580000)
  object space 87552K, 14% used [0x0000000740000000,0x0000000740c94e58,0x0000000745580000)
 Metaspace       used 20320K, capacity 21178K, committed 21296K, reserved 1067008K
  class space    used 2931K, capacity 3116K, committed 3200K, reserved 1048576K
}
Event: 7.243 GC heap before
{Heap before GC invocations=4 (full 1):
 PSYoungGen      total 38400K, used 5111K [0x0000000795580000, 0x000000079a080000, 0x00000007c0000000)
  eden space 33280K, 0% used [0x0000000795580000,0x0000000795580000,0x0000000797600000)
  from space 5120K, 99% used [0x0000000797600000,0x0000000797afdcf0,0x0000000797b00000)
  to   space 5120K, 0% used [0x0000000799b80000,0x0000000799b80000,0x000000079a080000)
 ParOldGen       total 87552K, used 12883K [0x0000000740000000, 0x0000000745580000, 0x0000000795580000)
  object space 87552K, 14% used [0x0000000740000000,0x0000000740c94e58,0x0000000745580000)
 Metaspace       used 20320K, capacity 21178K, committed 21296K, reserved 1067008K
  class space    used 2931K, capacity 3116K, committed 3200K, reserved 1048576K
Event: 7.287 GC heap after
Heap after GC invocations=4 (full 1):
 PSYoungGen      total 38400K, used 0K [0x0000000795580000, 0x000000079a080000, 0x00000007c0000000)
  eden space 33280K, 0% used [0x0000000795580000,0x0000000795580000,0x0000000797600000)
  from space 5120K, 0% used [0x0000000797600000,0x0000000797600000,0x0000000797b00000)
  to   space 5120K, 0% used [0x0000000799b80000,0x0000000799b80000,0x000000079a080000)
 ParOldGen       total 72704K, used 14530K [0x0000000740000000, 0x0000000744700000, 0x0000000795580000)
  object space 72704K, 19% used [0x0000000740000000,0x0000000740e309e0,0x0000000744700000)
 Metaspace       used 20318K, capacity 21176K, committed 21296K, reserved 1067008K
  class space    used 2930K, capacity 3115K, committed 3200K, reserved 1048576K
}

Deoptimization events (10 events):
Event: 0.988 Thread 0x00007fbd64800000 Uncommon trap: reason=class_check action=maybe_recompile pc=0x000000010cab4ed0 method=java.io.DataInputStream.readShort()S @ 4
Event: 0.993 Thread 0x00007fbd64800000 Uncommon trap: reason=class_check action=maybe_recompile pc=0x000000010c9476dc method=java.lang.String.equals(Ljava/lang/Object;)Z @ 8
Event: 0.994 Thread 0x00007fbd64800000 Uncommon trap: reason=class_check action=maybe_recompile pc=0x000000010c9476dc method=java.lang.String.equals(Ljava/lang/Object;)Z @ 8
Event: 0.994 Thread 0x00007fbd64800000 Uncommon trap: reason=class_check action=maybe_recompile pc=0x000000010c9476dc method=java.lang.String.equals(Ljava/lang/Object;)Z @ 8
Event: 1.168 Thread 0x00007fbd64800000 Uncommon trap: reason=unloaded action=reinterpret pc=0x000000010ca6eb58 method=java.lang.CharacterData.of(I)Ljava/lang/CharacterData; @ 96
Event: 1.200 Thread 0x00007fbd64800000 Uncommon trap: reason=class_check action=maybe_recompile pc=0x000000010c9476dc method=java.lang.String.equals(Ljava/lang/Object;)Z @ 8
Event: 7.104 Thread 0x00007fbd64800000 Uncommon trap: reason=array_check action=maybe_recompile pc=0x000000010cc4102c method=com.sun.javafx.css.SimpleSelector.applies(Ljavafx/css/Styleable;[Ljava/util/Set;I)Z @ 37
Event: 7.104 Thread 0x00007fbd64800000 Uncommon trap: reason=array_check action=maybe_recompile pc=0x000000010cc4102c method=com.sun.javafx.css.SimpleSelector.applies(Ljavafx/css/Styleable;[Ljava/util/Set;I)Z @ 37
Event: 7.104 Thread 0x00007fbd64800000 Uncommon trap: reason=array_check action=maybe_recompile pc=0x000000010cc4102c method=com.sun.javafx.css.SimpleSelector.applies(Ljavafx/css/Styleable;[Ljava/util/Set;I)Z @ 37
Event: 7.104 Thread 0x00007fbd64800000 Uncommon trap: reason=array_check action=maybe_recompile pc=0x000000010cc4102c method=com.sun.javafx.css.SimpleSelector.applies(Ljavafx/css/Styleable;[Ljava/util/Set;I)Z @ 37

Internal exceptions (10 events):
Event: 82.268 Thread 0x00007fbd61a42800 Exception <a 'java/net/ConnectException'> (0x00000007960ea2e0) thrown at [/Users/java_re/workspace/8-2-build-macosx-x86_64/jdk8u31/2394/hotspot/src/share/vm/prims/jni.cpp, line 716]
Event: 82.268 Thread 0x00007fbd62ccf800 Exception <a 'java/net/ConnectException'> (0x00000007960f80e0) thrown at [/Users/java_re/workspace/8-2-build-macosx-x86_64/jdk8u31/2394/hotspot/src/share/vm/prims/jni.cpp, line 716]
Event: 82.270 Thread 0x00007fbd6201c800 Exception <a 'java/net/ConnectException'> (0x0000000796105ee0) thrown at [/Users/java_re/workspace/8-2-build-macosx-x86_64/jdk8u31/2394/hotspot/src/share/vm/prims/jni.cpp, line 716]
Event: 82.272 Thread 0x00007fbd62379800 Exception <a 'java/net/ConnectException'> (0x0000000796113ce0) thrown at [/Users/java_re/workspace/8-2-build-macosx-x86_64/jdk8u31/2394/hotspot/src/share/vm/prims/jni.cpp, line 716]
Event: 82.274 Thread 0x00007fbd61a3b800 Exception <a 'java/net/ConnectException'> (0x0000000796121ae0) thrown at [/Users/java_re/workspace/8-2-build-macosx-x86_64/jdk8u31/2394/hotspot/src/share/vm/prims/jni.cpp, line 716]
Event: 82.276 Thread 0x00007fbd6201d000 Exception <a 'java/net/ConnectException'> (0x000000079613d6e0) thrown at [/Users/java_re/workspace/8-2-build-macosx-x86_64/jdk8u31/2394/hotspot/src/share/vm/prims/jni.cpp, line 716]
Event: 82.276 Thread 0x00007fbd62bcf000 Exception <a 'java/net/ConnectException'> (0x000000079612f8e0) thrown at [/Users/java_re/workspace/8-2-build-macosx-x86_64/jdk8u31/2394/hotspot/src/share/vm/prims/jni.cpp, line 716]
Event: 82.278 Thread 0x00007fbd6138d800 Exception <a 'java/net/ConnectException'> (0x000000079614b4e0) thrown at [/Users/java_re/workspace/8-2-build-macosx-x86_64/jdk8u31/2394/hotspot/src/share/vm/prims/jni.cpp, line 716]
Event: 82.279 Thread 0x00007fbd61003000 Exception <a 'java/net/ConnectException'> (0x00000007961592e0) thrown at [/Users/java_re/workspace/8-2-build-macosx-x86_64/jdk8u31/2394/hotspot/src/share/vm/prims/jni.cpp, line 716]
Event: 82.279 Thread 0x00007fbd62bb0800 Exception <a 'java/net/ConnectException'> (0x00000007961617b8) thrown at [/Users/java_re/workspace/8-2-build-macosx-x86_64/jdk8u31/2394/hotspot/src/share/vm/prims/jni.cpp, line 716]

Events (10 events):
Event: 82.268 Thread 0x00007fbd62ccf800 Thread exited: 0x00007fbd62ccf800
Event: 82.268 Thread 0x00007fbd61a42800 Thread exited: 0x00007fbd61a42800
Event: 82.270 Thread 0x00007fbd6201c800 Thread exited: 0x00007fbd6201c800
Event: 82.272 Thread 0x00007fbd62379800 Thread exited: 0x00007fbd62379800
Event: 82.274 Thread 0x00007fbd61a3b800 Thread exited: 0x00007fbd61a3b800
Event: 82.276 Thread 0x00007fbd6201d000 Thread exited: 0x00007fbd6201d000
Event: 82.276 Thread 0x00007fbd62bcf000 Thread exited: 0x00007fbd62bcf000
Event: 82.278 Thread 0x00007fbd6138d800 Thread exited: 0x00007fbd6138d800
Event: 82.279 Thread 0x00007fbd61003000 Thread exited: 0x00007fbd61003000
Event: 82.279 Thread 0x00007fbd62bb0800 Thread exited: 0x00007fbd62bb0800


Dynamic libraries:
0x0000000008d08000 	/System/Library/Frameworks/Cocoa.framework/Versions/A/Cocoa
0x0000000008d08000 	/System/Library/Frameworks/Security.framework/Versions/A/Security
0x0000000008d08000 	/System/Library/Frameworks/ApplicationServices.framework/Versions/A/ApplicationServices
0x0000000008d08000 	/usr/lib/libz.1.dylib
0x0000000008d08000 	/usr/lib/libSystem.B.dylib
0x0000000008d08000 	/usr/lib/libobjc.A.dylib
0x0000000008d08000 	/System/Library/Frameworks/CoreFoundation.framework/Versions/A/CoreFoundation
0x0000000008d08000 	/System/Library/Frameworks/Foundation.framework/Versions/C/Foundation
0x0000000008d08000 	/System/Library/Frameworks/AppKit.framework/Versions/C/AppKit
0x0000000008d08000 	/System/Library/Frameworks/CoreData.framework/Versions/A/CoreData
0x0000000008d08000 	/System/Library/PrivateFrameworks/RemoteViewServices.framework/Versions/A/RemoteViewServices
0x0000000008d08000 	/System/Library/PrivateFrameworks/UIFoundation.framework/Versions/A/UIFoundation
0x0000000008d08000 	/System/Library/Frameworks/IOSurface.framework/Versions/A/IOSurface
0x0000000008d08000 	/System/Library/Frameworks/AudioToolbox.framework/Versions/A/AudioToolbox
0x0000000008d08000 	/System/Library/Frameworks/AudioUnit.framework/Versions/A/AudioUnit
0x0000000008d08000 	/System/Library/PrivateFrameworks/DataDetectorsCore.framework/Versions/A/DataDetectorsCore
0x0000000008d08000 	/System/Library/PrivateFrameworks/DesktopServicesPriv.framework/Versions/A/DesktopServicesPriv
0x0000000008d08000 	/System/Library/Frameworks/Carbon.framework/Versions/A/Frameworks/HIToolbox.framework/Versions/A/HIToolbox
0x0000000008d08000 	/System/Library/Frameworks/QuartzCore.framework/Versions/A/QuartzCore
0x0000000008d08000 	/System/Library/Frameworks/Carbon.framework/Versions/A/Frameworks/SpeechRecognition.framework/Versions/A/SpeechRecognition
0x0000000008d08000 	/usr/lib/libauto.dylib
0x0000000008d08000 	/usr/lib/libicucore.A.dylib
0x0000000008d08000 	/usr/lib/libxml2.2.dylib
0x0000000008d08000 	/System/Library/PrivateFrameworks/CoreUI.framework/Versions/A/CoreUI
0x0000000008d08000 	/System/Library/Frameworks/CoreAudio.framework/Versions/A/CoreAudio
0x0000000008d08000 	/System/Library/Frameworks/DiskArbitration.framework/Versions/A/DiskArbitration
0x0000000008d08000 	/usr/lib/liblangid.dylib
0x0000000008d08000 	/System/Library/PrivateFrameworks/MultitouchSupport.framework/Versions/A/MultitouchSupport
0x0000000008d08000 	/System/Library/Frameworks/IOKit.framework/Versions/A/IOKit
0x0000000008d08000 	/usr/lib/libDiagnosticMessagesClient.dylib
0x0000000008d08000 	/System/Library/Frameworks/CoreServices.framework/Versions/A/CoreServices
0x0000000008d08000 	/System/Library/PrivateFrameworks/PerformanceAnalysis.framework/Versions/A/PerformanceAnalysis
0x0000000008d08000 	/System/Library/PrivateFrameworks/GenerationalStorage.framework/Versions/A/GenerationalStorage
0x0000000008d08000 	/System/Library/Frameworks/OpenGL.framework/Versions/A/OpenGL
0x0000000008d08000 	/System/Library/PrivateFrameworks/Sharing.framework/Versions/A/Sharing
0x0000000008d08000 	/System/Library/Frameworks/CoreGraphics.framework/Versions/A/CoreGraphics
0x0000000008d08000 	/System/Library/Frameworks/CoreText.framework/Versions/A/CoreText
0x0000000008d08000 	/System/Library/Frameworks/ImageIO.framework/Versions/A/ImageIO
0x0000000008d08000 	/usr/lib/libextension.dylib
0x0000000008d08000 	/System/Library/PrivateFrameworks/Backup.framework/Versions/A/Backup
0x0000000008d08000 	/usr/lib/libarchive.2.dylib
0x0000000008d08000 	/System/Library/Frameworks/CFNetwork.framework/Versions/A/CFNetwork
0x0000000008d08000 	/System/Library/Frameworks/SystemConfiguration.framework/Versions/A/SystemConfiguration
0x0000000008d08000 	/usr/lib/libCRFSuite.dylib
0x0000000008d08000 	/usr/lib/libc++.1.dylib
0x0000000008d08000 	/usr/lib/libc++abi.dylib
0x0000000008d08000 	/usr/lib/system/libcache.dylib
0x0000000008d08000 	/usr/lib/system/libcommonCrypto.dylib
0x0000000008d08000 	/usr/lib/system/libcompiler_rt.dylib
0x0000000008d08000 	/usr/lib/system/libcopyfile.dylib
0x0000000008d08000 	/usr/lib/system/libcorecrypto.dylib
0x0000000008d08000 	/usr/lib/system/libdispatch.dylib
0x0000000008d08000 	/usr/lib/system/libdyld.dylib
0x0000000008d08000 	/usr/lib/system/libkeymgr.dylib
0x0000000008d08000 	/usr/lib/system/liblaunch.dylib
0x0000000008d08000 	/usr/lib/system/libmacho.dylib
0x0000000008d08000 	/usr/lib/system/libquarantine.dylib
0x0000000008d08000 	/usr/lib/system/libremovefile.dylib
0x0000000008d08000 	/usr/lib/system/libsystem_asl.dylib
0x0000000008d08000 	/usr/lib/system/libsystem_blocks.dylib
0x0000000008d08000 	/usr/lib/system/libsystem_c.dylib
0x0000000008d08000 	/usr/lib/system/libsystem_configuration.dylib
0x0000000008d08000 	/usr/lib/system/libsystem_coreservices.dylib
0x0000000008d08000 	/usr/lib/system/libsystem_coretls.dylib
0x0000000008d08000 	/usr/lib/system/libsystem_dnssd.dylib
0x0000000008d08000 	/usr/lib/system/libsystem_info.dylib
0x0000000008d08000 	/usr/lib/system/libsystem_kernel.dylib
0x0000000008d08000 	/usr/lib/system/libsystem_m.dylib
0x0000000008d08000 	/usr/lib/system/libsystem_malloc.dylib
0x0000000008d08000 	/usr/lib/system/libsystem_network.dylib
0x0000000008d08000 	/usr/lib/system/libsystem_networkextension.dylib
0x0000000008d08000 	/usr/lib/system/libsystem_notify.dylib
0x0000000008d08000 	/usr/lib/system/libsystem_platform.dylib
0x0000000008d08000 	/usr/lib/system/libsystem_pthread.dylib
0x0000000008d08000 	/usr/lib/system/libsystem_sandbox.dylib
0x0000000008d08000 	/usr/lib/system/libsystem_secinit.dylib
0x0000000008d08000 	/usr/lib/system/libsystem_stats.dylib
0x0000000008d08000 	/usr/lib/system/libsystem_trace.dylib
0x0000000008d08000 	/usr/lib/system/libunc.dylib
0x0000000008d08000 	/usr/lib/system/libunwind.dylib
0x0000000008d08000 	/usr/lib/system/libxpc.dylib
0x0000000008d08000 	/usr/lib/libbz2.1.0.dylib
0x0000000008d08000 	/usr/lib/liblzma.5.dylib
0x0000000008d08000 	/usr/lib/libbsm.0.dylib
0x0000000008d08000 	/usr/lib/libsqlite3.dylib
0x0000000008d08000 	/usr/lib/system/libkxld.dylib
0x0000000008d08000 	/usr/lib/libxar.1.dylib
0x0000000008d08000 	/usr/lib/libpam.2.dylib
0x0000000008d08000 	/usr/lib/libOpenScriptingUtil.dylib
0x0000000008d08000 	/System/Library/Frameworks/CoreServices.framework/Versions/A/Frameworks/FSEvents.framework/Versions/A/FSEvents
0x0000000008d08000 	/System/Library/Frameworks/CoreServices.framework/Versions/A/Frameworks/CarbonCore.framework/Versions/A/CarbonCore
0x0000000008d08000 	/System/Library/Frameworks/CoreServices.framework/Versions/A/Frameworks/Metadata.framework/Versions/A/Metadata
0x0000000008d08000 	/System/Library/Frameworks/CoreServices.framework/Versions/A/Frameworks/OSServices.framework/Versions/A/OSServices
0x0000000008d08000 	/System/Library/Frameworks/CoreServices.framework/Versions/A/Frameworks/SearchKit.framework/Versions/A/SearchKit
0x0000000008d08000 	/System/Library/Frameworks/CoreServices.framework/Versions/A/Frameworks/AE.framework/Versions/A/AE
0x0000000008d08000 	/System/Library/Frameworks/CoreServices.framework/Versions/A/Frameworks/LaunchServices.framework/Versions/A/LaunchServices
0x0000000008d08000 	/System/Library/Frameworks/CoreServices.framework/Versions/A/Frameworks/DictionaryServices.framework/Versions/A/DictionaryServices
0x0000000008d08000 	/System/Library/Frameworks/NetFS.framework/Versions/A/NetFS
0x0000000008d08000 	/System/Library/PrivateFrameworks/NetAuth.framework/Versions/A/NetAuth
0x0000000008d08000 	/System/Library/PrivateFrameworks/login.framework/Versions/A/Frameworks/loginsupport.framework/Versions/A/loginsupport
0x0000000008d08000 	/System/Library/PrivateFrameworks/TCC.framework/Versions/A/TCC
0x0000000008d08000 	/usr/lib/libmecabra.dylib
0x0000000008d08000 	/System/Library/Frameworks/ApplicationServices.framework/Versions/A/Frameworks/ATS.framework/Versions/A/ATS
0x0000000008d08000 	/System/Library/Frameworks/ApplicationServices.framework/Versions/A/Frameworks/ColorSync.framework/Versions/A/ColorSync
0x0000000008d08000 	/System/Library/Frameworks/ApplicationServices.framework/Versions/A/Frameworks/HIServices.framework/Versions/A/HIServices
0x0000000008d08000 	/System/Library/Frameworks/ApplicationServices.framework/Versions/A/Frameworks/LangAnalysis.framework/Versions/A/LangAnalysis
0x0000000008d08000 	/System/Library/Frameworks/ApplicationServices.framework/Versions/A/Frameworks/PrintCore.framework/Versions/A/PrintCore
0x0000000008d08000 	/System/Library/Frameworks/ApplicationServices.framework/Versions/A/Frameworks/QD.framework/Versions/A/QD
0x0000000008d08000 	/System/Library/Frameworks/ApplicationServices.framework/Versions/A/Frameworks/SpeechSynthesis.framework/Versions/A/SpeechSynthesis
0x0000000008d08000 	/System/Library/Frameworks/Accelerate.framework/Versions/A/Accelerate
0x0000000008d08000 	/System/Library/Frameworks/Accelerate.framework/Versions/A/Frameworks/vImage.framework/Versions/A/vImage
0x0000000008d08000 	/System/Library/Frameworks/Accelerate.framework/Versions/A/Frameworks/vecLib.framework/Versions/A/vecLib
0x0000000008d08000 	/System/Library/Frameworks/Accelerate.framework/Versions/A/Frameworks/vecLib.framework/Versions/A/libvDSP.dylib
0x0000000008d08000 	/System/Library/Frameworks/Accelerate.framework/Versions/A/Frameworks/vecLib.framework/Versions/A/libvMisc.dylib
0x0000000008d08000 	/System/Library/Frameworks/Accelerate.framework/Versions/A/Frameworks/vecLib.framework/Versions/A/libLAPACK.dylib
0x0000000008d08000 	/System/Library/Frameworks/Accelerate.framework/Versions/A/Frameworks/vecLib.framework/Versions/A/libBLAS.dylib
0x0000000008d08000 	/System/Library/Frameworks/Accelerate.framework/Versions/A/Frameworks/vecLib.framework/Versions/A/libLinearAlgebra.dylib
0x0000000008d08000 	/System/Library/Frameworks/ApplicationServices.framework/Versions/A/Frameworks/ATS.framework/Versions/A/Resources/libFontParser.dylib
0x0000000008d08000 	/System/Library/Frameworks/ApplicationServices.framework/Versions/A/Frameworks/ATS.framework/Versions/A/Resources/libFontRegistry.dylib
0x0000000008d08000 	/System/Library/PrivateFrameworks/AppleVPA.framework/Versions/A/AppleVPA
0x0000000008d08000 	/System/Library/PrivateFrameworks/AppleJPEG.framework/Versions/A/AppleJPEG
0x0000000008d08000 	/System/Library/Frameworks/ImageIO.framework/Versions/A/Resources/libJPEG.dylib
0x0000000008d08000 	/System/Library/Frameworks/ImageIO.framework/Versions/A/Resources/libTIFF.dylib
0x0000000008d08000 	/System/Library/Frameworks/ImageIO.framework/Versions/A/Resources/libPng.dylib
0x0000000008d08000 	/System/Library/Frameworks/ImageIO.framework/Versions/A/Resources/libGIF.dylib
0x0000000008d08000 	/System/Library/Frameworks/ImageIO.framework/Versions/A/Resources/libJP2.dylib
0x0000000008d08000 	/System/Library/Frameworks/ImageIO.framework/Versions/A/Resources/libRadiance.dylib
0x0000000008d08000 	/System/Library/Frameworks/CoreVideo.framework/Versions/A/CoreVideo
0x0000000008d08000 	/System/Library/Frameworks/OpenGL.framework/Versions/A/Libraries/libGLU.dylib
0x0000000008d08000 	/System/Library/Frameworks/OpenGL.framework/Versions/A/Libraries/libGFXShared.dylib
0x0000000008d08000 	/System/Library/Frameworks/OpenGL.framework/Versions/A/Libraries/libGL.dylib
0x0000000008d08000 	/System/Library/Frameworks/OpenGL.framework/Versions/A/Libraries/libGLImage.dylib
0x0000000008d08000 	/System/Library/Frameworks/OpenGL.framework/Versions/A/Libraries/libCVMSPluginSupport.dylib
0x0000000008d08000 	/System/Library/Frameworks/OpenGL.framework/Versions/A/Libraries/libCoreVMClient.dylib
0x0000000008d08000 	/usr/lib/libcups.2.dylib
0x0000000008d08000 	/System/Library/Frameworks/Kerberos.framework/Versions/A/Kerberos
0x0000000008d08000 	/System/Library/Frameworks/GSS.framework/Versions/A/GSS
0x0000000008d08000 	/usr/lib/libresolv.9.dylib
0x0000000008d08000 	/usr/lib/libiconv.2.dylib
0x0000000008d08000 	/System/Library/PrivateFrameworks/Heimdal.framework/Versions/A/Heimdal
0x0000000008d08000 	/usr/lib/libheimdal-asn1.dylib
0x0000000008d08000 	/System/Library/Frameworks/OpenDirectory.framework/Versions/A/OpenDirectory
0x0000000008d08000 	/System/Library/PrivateFrameworks/CommonAuth.framework/Versions/A/CommonAuth
0x0000000008d08000 	/System/Library/Frameworks/OpenDirectory.framework/Versions/A/Frameworks/CFOpenDirectory.framework/Versions/A/CFOpenDirectory
0x0000000008d08000 	/System/Library/Frameworks/SecurityFoundation.framework/Versions/A/SecurityFoundation
0x0000000008d08000 	/System/Library/PrivateFrameworks/LanguageModeling.framework/Versions/A/LanguageModeling
0x0000000008d08000 	/usr/lib/libcmph.dylib
0x0000000008d08000 	/System/Library/Frameworks/ServiceManagement.framework/Versions/A/ServiceManagement
0x0000000008d08000 	/usr/lib/libxslt.1.dylib
0x0000000008d08000 	/System/Library/Frameworks/Carbon.framework/Versions/A/Frameworks/Ink.framework/Versions/A/Ink
0x0000000008d08000 	/System/Library/Frameworks/QuartzCore.framework/Versions/A/Frameworks/CoreImage.framework/Versions/A/CoreImage
0x0000000008d08000 	/System/Library/PrivateFrameworks/CrashReporterSupport.framework/Versions/A/CrashReporterSupport
0x0000000008d08000 	/System/Library/Frameworks/OpenCL.framework/Versions/A/OpenCL
0x0000000008d08000 	/System/Library/PrivateFrameworks/FaceCore.framework/Versions/A/FaceCore
0x0000000008d08000 	/System/Library/PrivateFrameworks/Ubiquity.framework/Versions/A/Ubiquity
0x0000000008d08000 	/System/Library/PrivateFrameworks/IconServices.framework/Versions/A/IconServices
0x0000000008d08000 	/System/Library/PrivateFrameworks/ChunkingLibrary.framework/Versions/A/ChunkingLibrary
0x0000000008d08000 	/System/Library/PrivateFrameworks/Apple80211.framework/Versions/A/Apple80211
0x0000000008d08000 	/System/Library/Frameworks/CoreWLAN.framework/Versions/A/CoreWLAN
0x0000000008d08000 	/System/Library/Frameworks/IOBluetooth.framework/Versions/A/IOBluetooth
0x0000000008d08000 	/System/Library/PrivateFrameworks/CoreWiFi.framework/Versions/A/CoreWiFi
0x0000000008d08000 	/System/Library/Frameworks/CoreBluetooth.framework/Versions/A/CoreBluetooth
0x0000000008d08000 	/System/Library/PrivateFrameworks/DebugSymbols.framework/Versions/A/DebugSymbols
0x0000000008d08000 	/System/Library/PrivateFrameworks/CoreSymbolication.framework/Versions/A/CoreSymbolication
0x0000000008d08000 	/System/Library/PrivateFrameworks/Symbolication.framework/Versions/A/Symbolication
0x0000000008d08000 	/System/Library/PrivateFrameworks/SpeechRecognitionCore.framework/Versions/A/SpeechRecognitionCore
0x000000010b800000 	/Library/Java/JavaVirtualMachines/jdk1.8.0_31.jdk/Contents/Home/jre/lib/server/libjvm.dylib
0x0000000008d08000 	/usr/lib/libstdc++.6.dylib
0x000000010a798000 	/Library/Java/JavaVirtualMachines/jdk1.8.0_31.jdk/Contents/Home/jre/lib/libverify.dylib
0x000000010a7a6000 	/Library/Java/JavaVirtualMachines/jdk1.8.0_31.jdk/Contents/Home/jre/lib/libjava.dylib
0x000000010a7e4000 	/Library/Java/JavaVirtualMachines/jdk1.8.0_31.jdk/Contents/Home/jre/lib/libzip.dylib
0x0000000123923000 	/System/Library/Frameworks/JavaVM.framework/Frameworks/JavaRuntimeSupport.framework/JavaRuntimeSupport
0x0000000123939000 	/System/Library/Frameworks/JavaVM.framework/Versions/A/Frameworks/JavaNativeFoundation.framework/Versions/A/JavaNativeFoundation
0x000000010a7ee000 	/System/Library/Frameworks/JavaVM.framework/Versions/A/JavaVM
0x0000000008d08000 	/System/Library/Frameworks/Carbon.framework/Versions/A/Carbon
0x000000012394d000 	/System/Library/PrivateFrameworks/JavaLaunching.framework/Versions/A/JavaLaunching
0x0000000008d08000 	/System/Library/Frameworks/Carbon.framework/Versions/A/Frameworks/CommonPanels.framework/Versions/A/CommonPanels
0x0000000008d08000 	/System/Library/Frameworks/Carbon.framework/Versions/A/Frameworks/Help.framework/Versions/A/Help
0x0000000008d08000 	/System/Library/Frameworks/Carbon.framework/Versions/A/Frameworks/ImageCapture.framework/Versions/A/ImageCapture
0x0000000008d08000 	/System/Library/Frameworks/Carbon.framework/Versions/A/Frameworks/OpenScripting.framework/Versions/A/OpenScripting
0x0000000008d08000 	/System/Library/Frameworks/Carbon.framework/Versions/A/Frameworks/Print.framework/Versions/A/Print
0x0000000008d08000 	/System/Library/Frameworks/Carbon.framework/Versions/A/Frameworks/SecurityHI.framework/Versions/A/SecurityHI
0x00000001259f9000 	/Library/Java/JavaVirtualMachines/jdk1.8.0_31.jdk/Contents/Home/jre/lib/libprism_es2.dylib
0x0000000008d08000 	/System/Library/Frameworks/OpenGL.framework/Versions/A/Resources/GLEngine.bundle/GLEngine
0x0000000008d08000 	/System/Library/Frameworks/OpenGL.framework/Versions/A/Libraries/libGLProgrammability.dylib
0x0000000000000000 	/System/Library/Extensions/AppleIntelHD4000GraphicsGLDriver.bundle/Contents/MacOS/AppleIntelHD4000GraphicsGLDriver
0x0000000008d08000 	/System/Library/PrivateFrameworks/IOAccelerator.framework/Versions/A/IOAccelerator
0x0000000008d08000 	/System/Library/PrivateFrameworks/GPUSupport.framework/Versions/A/Libraries/libGPUSupportMercury.dylib
0x0000000000000000 	/System/Library/Extensions/GeForceGLDriver.bundle/Contents/MacOS/GeForceGLDriver
0x0000000008d08000 	/System/Library/Extensions/GeForceGLDriver.bundle/Contents/MacOS/libclh.dylib
0x0000000008d08000 	/System/Library/Frameworks/OpenGL.framework/Versions/A/Resources/GLRendererFloat.bundle/GLRendererFloat
0x0000000008d08000 	/System/Library/Frameworks/OpenCL.framework/Versions/A/Libraries/libcldcpuengine.dylib
0x0000000008d08000 	/System/Library/PrivateFrameworks/DiskImages.framework/Versions/A/DiskImages
0x0000000008d08000 	/System/Library/Frameworks/DiscRecording.framework/Versions/A/DiscRecording
0x0000000008d08000 	/usr/lib/libcsfde.dylib
0x0000000008d08000 	/usr/lib/libcurl.4.dylib
0x0000000008d08000 	/System/Library/PrivateFrameworks/MediaKit.framework/Versions/A/MediaKit
0x0000000008d08000 	/System/Library/PrivateFrameworks/ProtectedCloudStorage.framework/Versions/A/ProtectedCloudStorage
0x0000000008d08000 	/usr/lib/libCoreStorage.dylib
0x0000000008d08000 	/System/Library/PrivateFrameworks/EFILogin.framework/Versions/A/EFILogin
0x0000000008d08000 	/usr/lib/libutil.dylib
0x0000000008d08000 	/System/Library/PrivateFrameworks/FindMyDevice.framework/Versions/A/FindMyDevice
0x0000000008d08000 	/System/Library/Frameworks/LDAP.framework/Versions/A/LDAP
0x0000000008d08000 	/usr/lib/libsasl2.2.dylib
0x0000000008d08000 	/System/Library/PrivateFrameworks/CoreDaemon.framework/Versions/B/CoreDaemon
0x0000000008d08000 	/usr/lib/libcrypto.0.9.8.dylib
0x0000000008d08000 	/System/Library/PrivateFrameworks/AppleSRP.framework/Versions/A/AppleSRP
0x0000000008d08000 	/System/Library/PrivateFrameworks/TrustEvaluationAgent.framework/Versions/A/TrustEvaluationAgent
0x00000001260e4000 	/Library/Java/JavaVirtualMachines/jdk1.8.0_31.jdk/Contents/Home/jre/lib/libglass.dylib
0x0000000008d08000 	/System/Library/PrivateFrameworks/CoreServicesInternal.framework/Versions/A/CoreServicesInternal
0x0000000008d08000 	/System/Library/PrivateFrameworks/CloudDocs.framework/Versions/A/CloudDocs
0x0000000008d08000 	/System/Library/PrivateFrameworks/CoreDuet.framework/Versions/A/CoreDuet
0x0000000008d08000 	/System/Library/Frameworks/CloudKit.framework/Versions/A/CloudKit
0x0000000008d08000 	/System/Library/PrivateFrameworks/ProtocolBuffer.framework/Versions/A/ProtocolBuffer
0x0000000008d08000 	/System/Library/PrivateFrameworks/CoreDuetDaemonProtocol.framework/Versions/A/CoreDuetDaemonProtocol
0x0000000008d08000 	/System/Library/PrivateFrameworks/CoreDuetDebugLogging.framework/Versions/A/CoreDuetDebugLogging
0x0000000008d08000 	/System/Library/Frameworks/CoreLocation.framework/Versions/A/CoreLocation
0x0000000008d08000 	/System/Library/Frameworks/Accounts.framework/Versions/A/Accounts
0x0000000008d08000 	/System/Library/PrivateFrameworks/ApplePushService.framework/Versions/A/ApplePushService
0x0000000008d08000 	/System/Library/PrivateFrameworks/GeoServices.framework/Versions/A/GeoServices
0x0000000008d08000 	/System/Library/PrivateFrameworks/OAuth.framework/Versions/A/OAuth
0x0000000008d08000 	/System/Library/Frameworks/CoreGraphics.framework/Versions/A/Resources/libCGCMS.A.dylib
0x000000012742a000 	/System/Library/CoreServices/RawCamera.bundle/Contents/MacOS/RawCamera
0x0000000008d08000 	/System/Library/Frameworks/CoreGraphics.framework/Versions/A/Resources/libRIP.A.dylib
0x0000000008d08000 	/System/Library/PrivateFrameworks/FamilyControls.framework/Versions/A/FamilyControls
0x0000000008d08000 	/System/Library/PrivateFrameworks/CommerceKit.framework/Versions/A/Frameworks/CommerceCore.framework/Versions/A/CommerceCore
0x0000000008d08000 	/System/Library/PrivateFrameworks/SystemAdministration.framework/Versions/A/SystemAdministration
0x0000000008d08000 	/System/Library/PrivateFrameworks/AppContainer.framework/Versions/A/AppContainer
0x0000000008d08000 	/System/Library/PrivateFrameworks/SecCodeWrapper.framework/Versions/A/SecCodeWrapper
0x0000000008d08000 	/System/Library/Frameworks/DirectoryService.framework/Versions/A/DirectoryService
0x0000000008d08000 	/System/Library/PrivateFrameworks/LoginUIKit.framework/Versions/A/Frameworks/LoginUICore.framework/Versions/A/LoginUICore
0x0000000008d08000 	/usr/lib/libodfde.dylib
0x000000012a2ef000 	/Library/Java/JavaVirtualMachines/jdk1.8.0_31.jdk/Contents/Home/jre/lib/libawt.dylib
0x000000012a39e000 	/Library/Java/JavaVirtualMachines/jdk1.8.0_31.jdk/Contents/Home/jre/lib/./libmlib_image.dylib
0x000000012a46a000 	/Library/Java/JavaVirtualMachines/jdk1.8.0_31.jdk/Contents/Home/jre/lib/libawt_lwawt.dylib
0x000000012a51d000 	/Library/Java/JavaVirtualMachines/jdk1.8.0_31.jdk/Contents/Home/jre/lib/./libosxapp.dylib
0x0000000008d08000 	/System/Library/Frameworks/ExceptionHandling.framework/Versions/A/ExceptionHandling
0x000000012a539000 	/Library/Java/JavaVirtualMachines/jdk1.8.0_31.jdk/Contents/Home/jre/lib/libfontmanager.dylib
0x000000012a6d3000 	/Library/Java/JavaVirtualMachines/jdk1.8.0_31.jdk/Contents/Home/jre/lib/libjpeg.dylib
0x000000012b43d000 	/Library/Java/JavaVirtualMachines/jdk1.8.0_31.jdk/Contents/Home/jre/lib/libnet.dylib
0x000000012b858000 	/Library/Java/JavaVirtualMachines/jdk1.8.0_31.jdk/Contents/Home/jre/lib/libjavafx_font.dylib
0x000000012ba63000 	/Library/Java/JavaVirtualMachines/jdk1.8.0_31.jdk/Contents/Home/jre/lib/libjavafx_iio.dylib
0x0000000008d08000 	/System/Library/Frameworks/CoreGraphics.framework/Versions/A/Resources/libCGXType.A.dylib
0x00000001301d2000 	cl_kernels
0x00000001301db000 	/System/Library/Frameworks/OpenCL.framework/Versions/A/Libraries/ImageFormats/unorm8_bgra.dylib
0x00000001301c4000 	cl_kernels
0x00000001311e7000 	/Library/Java/JavaVirtualMachines/jdk1.8.0_31.jdk/Contents/Home/jre/lib/libprism_common.dylib

VM Arguments:
jvm_args: -Dfile.encoding=UTF-8 
java_command: GUI.Main
java_class_path (initial): /Users/elizabeth_dye/Documents/GuessWho2/bin:/Users/elizabeth_dye/Downloads/eclipse 2/plugins/org.eclipse.fx.ide.css.jfx8_1.1.0.201411050807.jar:/Users/elizabeth_dye/Downloads/eclipse 2/plugins/org.junit_4.11.0.v201303080030/junit.jar:/Users/elizabeth_dye/Downloads/eclipse 2/plugins/org.hamcrest.core_1.3.0.v201303031735.jar
Launcher Type: SUN_STANDARD

Environment Variables:
PATH=/usr/bin:/bin:/usr/sbin:/sbin
SHELL=/bin/bash

Signal Handlers:
SIGSEGV: [libjvm.dylib+0x57a0e7], sa_mask[0]=11111111011111110111111111111111, sa_flags=SA_ONSTACK|SA_RESTART|SA_SIGINFO
SIGBUS: [libjvm.dylib+0x57a0e7], sa_mask[0]=11111111011111110111111111111111, sa_flags=SA_RESTART|SA_SIGINFO
SIGFPE: [libjvm.dylib+0x45af24], sa_mask[0]=11111111011111110111111111111111, sa_flags=SA_RESTART|SA_SIGINFO
SIGPIPE: [libjvm.dylib+0x45af24], sa_mask[0]=11111111011111110111111111111111, sa_flags=SA_RESTART|SA_SIGINFO
SIGXFSZ: [libjvm.dylib+0x45af24], sa_mask[0]=11111111011111110111111111111111, sa_flags=SA_RESTART|SA_SIGINFO
SIGILL: [libjvm.dylib+0x45af24], sa_mask[0]=11111111011111110111111111111111, sa_flags=SA_RESTART|SA_SIGINFO
SIGUSR1: SIG_DFL, sa_mask[0]=00000000000000000000000000000000, sa_flags=none
SIGUSR2: [libjvm.dylib+0x45aa42], sa_mask[0]=00100000000000000000000000000000, sa_flags=SA_RESTART|SA_SIGINFO
SIGHUP: [libjvm.dylib+0x459015], sa_mask[0]=11111111011111110111111111111111, sa_flags=SA_RESTART|SA_SIGINFO
SIGINT: [libjvm.dylib+0x459015], sa_mask[0]=11111111011111110111111111111111, sa_flags=SA_RESTART|SA_SIGINFO
SIGTERM: [libjvm.dylib+0x459015], sa_mask[0]=11111111011111110111111111111111, sa_flags=SA_RESTART|SA_SIGINFO
SIGQUIT: [libjvm.dylib+0x459015], sa_mask[0]=11111111011111110111111111111111, sa_flags=SA_RESTART|SA_SIGINFO


---------------  S Y S T E M  ---------------

OS:Bsduname:Darwin 14.1.0 Darwin Kernel Version 14.1.0: Mon Dec 22 23:10:38 PST 2014; root:xnu-2782.10.72~2/RELEASE_X86_64 x86_64
rlimit: STACK 8192k, CORE 0k, NPROC 709, NOFILE 10240, AS infinity
load average:1.58 1.58 1.64

CPU:total 8 (4 cores per cpu, 2 threads per core) family 6 model 58 stepping 9, cmov, cx8, fxsr, mmx, sse, sse2, sse3, ssse3, sse4.1, sse4.2, popcnt, avx, aes, clmul, erms, ht, tsc, tscinvbit, tscinv

Memory: 4k page, physical 8388608k(427628k free)

/proc/meminfo:


vm_info: Java HotSpot(TM) 64-Bit Server VM (25.31-b07) for bsd-amd64 JRE (1.8.0_31-b13), built on Dec 17 2014 20:45:36 by "java_re" with gcc 4.2.1 (Based on Apple Inc. build 5658) (LLVM build 2336.11.00)

time: Mon Mar 16 19:58:13 2015
elapsed time: 189 seconds (0d 0h 3m 9s)

