#
# A fatal error has been detected by the Java Runtime Environment:
#
#  SIGSEGV (0xb) at pc=0x00000001258ed3fd, pid=29600, tid=1811
#
# JRE version: Java(TM) SE Runtime Environment (8.0_31-b13) (build 1.8.0_31-b13)
# Java VM: Java HotSpot(TM) 64-Bit Server VM (25.31-b07 mixed mode bsd-amd64 compressed oops)
# Problematic frame:
# C  [libglass.dylib+0x163fd]  GlassScreenDidChangeScreenParameters+0x9d
#
# Failed to write core dump. Core dumps have been disabled. To enable core dumping, try "ulimit -c unlimited" before starting Java again
#
# If you would like to submit a bug report, please visit:
#   http://bugreport.java.com/bugreport/crash.jsp
#

---------------  T H R E A D  ---------------

Current thread is native thread

siginfo: si_signo: 11 (SIGSEGV), si_code: 1 (SEGV_MAPERR), si_addr: 0x0000000000000000

Registers:
RAX=0x000000012591fe40, RBX=0x0000000000000000, RCX=0xe700987502f82f52, RDX=0x00007f82f0471a40
RSP=0x00007fff55d87090, RBP=0x00007fff55d870a0, RSI=0x00007f82f040f368, RDI=0x0000000000000000
R8 =0x00007fff55d86f40, R9 =0x00007fff78d4e300, R10=0x0000000000000000, R11=0x0000000000000246
R12=0x00007f82f0603140, R13=0x00000000000f4268, R14=0x00007f82f046a590, R15=0x00007fff55d871e8
RIP=0x00000001258ed3fd, EFLAGS=0x0000000000010202, ERR=0x0000000000000004
  TRAPNO=0x000000000000000e

Top of Stack: (sp=0x00007fff55d87090)
0x00007fff55d87090:   00007fff55d87288 00007f82f046a590
0x00007fff55d870a0:   00007fff55d870b0 00007fff96743cdc
0x00007fff55d870b0:   00007fff55d87410 00007fff96635244
0x00007fff55d870c0:   0000000000000000 0000000000000000
0x00007fff55d870d0:   0000000000000013 0000000000000000
0x00007fff55d870e0:   00000000000f429b 0000000000000c90
0x00007fff55d870f0:   0000000000000001 00007f82f046a590
0x00007fff55d87100:   0000000000000000 00007fff55d871e0
0x00007fff55d87110:   0000000000000000 00007f82f046a550
0x00007fff55d87120:   00007fff55d87260 0000000000000086
0x00007fff55d87130:   00000000000f43a1 00007f82f6937360
0x00007fff55d87140:   00007f82f0557640 00007f82f0603140
0x00007fff55d87150:   0000000000000001 00000000000f4268
0x00007fff55d87160:   00007f82f0603130 0000000109e90000
0x00007fff55d87170:   00007fff55d87210 00007fff95b3d4ff
0x00007fff55d87180:   00007f82f19886f0 00007f82f1988800
0x00007fff55d87190:   0000000109e90000 0000000109e90000
0x00007fff55d871a0:   00007fff55d87240 00007fff95b3d4ff
0x00007fff55d871b0:   00007f82f69fc080 0000000000000000
0x00007fff55d871c0:   0005b603f0603164 00007f82f0603164
0x00007fff55d871d0:   0000000000000000 00007fff8d41864f
0x00007fff55d871e0:   00007f82f048bb40 00007f82f046a590
0x00007fff55d871f0:   0000000300000003 0000000000000000
0x00007fff55d87200:   00007fff55d8727c 00007fff55d87280
0x00007fff55d87210:   0000000109e93a00 0000000000000004
0x00007fff55d87220:   0000000109e90000 00007f82f6966334
0x00007fff55d87230:   0000000000000003 0000000109e94e00
0x00007fff55d87240:   00007fff55d87330 00007fff95b3a2a2
0x00007fff55d87250:   04dfffffffffc643 000000000003160b
0x00007fff55d87260:   0000000000000014 0000000000000000
0x00007fff55d87270:   00000000000f429c 0000000000000017
0x00007fff55d87280:   0000000000000000 00000000000f4268 

Instructions: (pc=0x00000001258ed3fd)
0x00000001258ed3dd:   89 df 4c 89 f1 41 ff 90 68 04 00 00 48 8d 05 58
0x00000001258ed3ed:   29 03 00 48 8b 30 48 8d 05 46 2a 03 00 48 8b 10
0x00000001258ed3fd:   48 8b 0b 30 c0 48 89 df ff 91 68 04 00 00 48 8b
0x00000001258ed40d:   03 48 89 df ff 50 78 48 85 c0 74 36 49 89 c6 48 

Register to memory mapping:

RAX=0x000000012591fe40: jScreenNotifySettingsChanged+0 in /Library/Java/JavaVirtualMachines/jdk1.8.0_31.jdk/Contents/Home/jre/lib/libglass.dylib at 0x00000001258d7000
RBX=0x0000000000000000 is an unknown value
RCX=0xe700987502f82f52 is an unknown value
RDX=0x00007f82f0471a40 is an unknown value
RSP=0x00007fff55d87090 is an unknown value
RBP=0x00007fff55d870a0 is an unknown value
RSI=0x00007f82f040f368 is a global jni handle
RDI=0x0000000000000000 is an unknown value
R8 =0x00007fff55d86f40 is an unknown value
R9 =0x00007fff78d4e300: _thread+0 in /usr/lib/system/libsystem_pthread.dylib at 0x00007fff88e59000
R10=0x0000000000000000 is an unknown value
R11=0x0000000000000246 is an unknown value
R12=0x00007f82f0603140 is an unknown value
R13=0x00000000000f4268 is an unknown value
R14=0x00007f82f046a590 is an unknown value
R15=0x00007fff55d871e8 is an unknown value


Stack: [0x00007fff5558a000,0x00007fff55d8a000],  sp=0x00007fff55d87090,  free space=8180k
Native frames: (J=compiled Java code, j=interpreted, Vv=VM code, C=native code)
C  [libglass.dylib+0x163fd]  GlassScreenDidChangeScreenParameters+0x9d
C  [CoreFoundation+0x11ecdc]  __CFNOTIFICATIONCENTER_IS_CALLING_OUT_TO_AN_OBSERVER__+0xc
C  [CoreFoundation+0x10244]  _CFXNotificationPost+0xc44
C  [Foundation+0x2c31]  -[NSNotificationCenter postNotificationName:object:userInfo:]+0x42
C  [AppKit+0x36305e]  -[NSApplication _reactToScreenInvalidationImmediately:]+0x17b
C  [AppKit+0x362e9d]  __44-[NSApplication _reactToScreenInvalidation:]_block_invoke+0x4b
C  [CoreFoundation+0x8056c]  __CFRUNLOOP_IS_CALLING_OUT_TO_A_BLOCK__+0xc
C  [CoreFoundation+0x72675]  __CFRunLoopDoBlocks+0x155
C  [CoreFoundation+0x721b6]  __CFRunLoopRun+0x716
C  [CoreFoundation+0x71858]  CFRunLoopRunSpecific+0x128
C  [java+0x56cc]  CreateExecutionEnvironment+0x367
C  [java+0x165c]  JLI_Launch+0x7a0
C  [java+0x768a]  main+0x65
C  [java+0xeb4]  start+0x34


---------------  P R O C E S S  ---------------

VM state:not at safepoint (normal execution)

VM Mutex/Monitor currently owned by a thread: None

Heap:
 PSYoungGen      total 38400K, used 14121K [0x0000000795580000, 0x000000079a080000, 0x00000007c0000000)
  eden space 33280K, 42% used [0x0000000795580000,0x000000079634a400,0x0000000797600000)
  from space 5120K, 0% used [0x0000000797600000,0x0000000797600000,0x0000000797b00000)
  to   space 5120K, 0% used [0x0000000799b80000,0x0000000799b80000,0x000000079a080000)
 ParOldGen       total 83456K, used 21326K [0x0000000740000000, 0x0000000745180000, 0x0000000795580000)
  object space 83456K, 25% used [0x0000000740000000,0x00000007414d3990,0x0000000745180000)
 Metaspace       used 21264K, capacity 22182K, committed 22448K, reserved 1069056K
  class space    used 2987K, capacity 3164K, committed 3248K, reserved 1048576K

Card table byte_map: [0x000000011b3e2000,0x000000011b7e3000] byte_map_base: 0x00000001179e2000

Marking Bits: (ParMarkBitMap*) 0x000000010b89e410
 Begin Bits: [0x000000011c2a6000, 0x000000011e2a6000)
 End Bits:   [0x000000011e2a6000, 0x00000001202a6000)

Polling page: 0x0000000109fcd000

CodeCache: size=245760Kb used=8397Kb max_used=8597Kb free=237362Kb
 bounds [0x000000010c022000, 0x000000010c892000, 0x000000011b022000]
 total_blobs=3483 nmethods=2735 adapters=662
 compilation: enabled

Compilation events (10 events):
Event: 82.423 Thread 0x00007f82f081d000 2974       3       java.lang.Thread::exit (51 bytes)
Event: 82.423 Thread 0x00007f82f081d000 nmethod 2974 0x000000010c62e150 code [0x000000010c62e2c0, 0x000000010c62e568]
Event: 83.649 Thread 0x00007f82f1839800 2975       4       java.util.concurrent.locks.ReentrantLock::lock (8 bytes)
Event: 83.652 Thread 0x00007f82f1839800 nmethod 2975 0x000000010c2ff910 code [0x000000010c2ffac0, 0x000000010c2ffd20]
Event: 109.317 Thread 0x00007f82f081d000 2976       3       java.util.TaskQueue::getMin (7 bytes)
Event: 109.317 Thread 0x00007f82f081d000 nmethod 2976 0x000000010c2ff550 code [0x000000010c2ff6c0, 0x000000010c2ff850]
Event: 110.118 Thread 0x00007f82f081d000 2977       1       GUI.Controller::access$0 (5 bytes)
Event: 110.118 Thread 0x00007f82f081d000 nmethod 2977 0x000000010c2ff290 code [0x000000010c2ff3e0, 0x000000010c2ff4d0]
Event: 131.648 Thread 0x00007f82f081d000 2978       1       sun.java2d.pipe.RenderBuffer::position (11 bytes)
Event: 131.649 Thread 0x00007f82f081d000 nmethod 2978 0x000000010c2fefd0 code [0x000000010c2ff120, 0x000000010c2ff230]

GC Heap History (8 events):
Event: 1.269 GC heap before
{Heap before GC invocations=1 (full 0):
 PSYoungGen      total 38400K, used 33280K [0x0000000795580000, 0x0000000798000000, 0x00000007c0000000)
  eden space 33280K, 100% used [0x0000000795580000,0x0000000797600000,0x0000000797600000)
  from space 5120K, 0% used [0x0000000797b00000,0x0000000797b00000,0x0000000798000000)
  to   space 5120K, 0% used [0x0000000797600000,0x0000000797600000,0x0000000797b00000)
 ParOldGen       total 87552K, used 0K [0x0000000740000000, 0x0000000745580000, 0x0000000795580000)
  object space 87552K, 0% used [0x0000000740000000,0x0000000740000000,0x0000000745580000)
 Metaspace       used 16094K, capacity 16564K, committed 16640K, reserved 1062912K
  class space    used 2202K, capacity 2283K, committed 2304K, reserved 1048576K
Event: 1.275 GC heap after
Heap after GC invocations=1 (full 0):
 PSYoungGen      total 38400K, used 5105K [0x0000000795580000, 0x0000000798000000, 0x00000007c0000000)
  eden space 33280K, 0% used [0x0000000795580000,0x0000000795580000,0x0000000797600000)
  from space 5120K, 99% used [0x0000000797600000,0x0000000797afc4c0,0x0000000797b00000)
  to   space 5120K, 0% used [0x0000000797b00000,0x0000000797b00000,0x0000000798000000)
 ParOldGen       total 87552K, used 655K [0x0000000740000000, 0x0000000745580000, 0x0000000795580000)
  object space 87552K, 0% used [0x0000000740000000,0x00000007400a3c08,0x0000000745580000)
 Metaspace       used 16094K, capacity 16564K, committed 16640K, reserved 1062912K
  class space    used 2202K, capacity 2283K, committed 2304K, reserved 1048576K
}
Event: 7.197 GC heap before
{Heap before GC invocations=2 (full 0):
 PSYoungGen      total 38400K, used 38385K [0x0000000795580000, 0x0000000798000000, 0x00000007c0000000)
  eden space 33280K, 100% used [0x0000000795580000,0x0000000797600000,0x0000000797600000)
  from space 5120K, 99% used [0x0000000797600000,0x0000000797afc4c0,0x0000000797b00000)
  to   space 5120K, 0% used [0x0000000797b00000,0x0000000797b00000,0x0000000798000000)
 ParOldGen       total 87552K, used 655K [0x0000000740000000, 0x0000000745580000, 0x0000000795580000)
  object space 87552K, 0% used [0x0000000740000000,0x00000007400a3c08,0x0000000745580000)
 Metaspace       used 20005K, capacity 20752K, committed 20992K, reserved 1067008K
  class space    used 2860K, capacity 3039K, committed 3072K, reserved 1048576K
Event: 7.209 GC heap after
Heap after GC invocations=2 (full 0):
 PSYoungGen      total 38400K, used 5105K [0x0000000795580000, 0x0000000798000000, 0x00000007c0000000)
  eden space 33280K, 0% used [0x0000000795580000,0x0000000795580000,0x0000000797600000)
  from space 5120K, 99% used [0x0000000797b00000,0x0000000797ffc4c0,0x0000000798000000)
  to   space 5120K, 0% used [0x0000000797600000,0x0000000797600000,0x0000000797b00000)
 ParOldGen       total 87552K, used 16482K [0x0000000740000000, 0x0000000745580000, 0x0000000795580000)
  object space 87552K, 18% used [0x0000000740000000,0x0000000741018be8,0x0000000745580000)
 Metaspace       used 20005K, capacity 20752K, committed 20992K, reserved 1067008K
  class space    used 2860K, capacity 3039K, committed 3072K, reserved 1048576K
}
Event: 7.403 GC heap before
{Heap before GC invocations=3 (full 0):
 PSYoungGen      total 38400K, used 31210K [0x0000000795580000, 0x0000000798000000, 0x00000007c0000000)
  eden space 33280K, 78% used [0x0000000795580000,0x0000000796efe598,0x0000000797600000)
  from space 5120K, 99% used [0x0000000797b00000,0x0000000797ffc4c0,0x0000000798000000)
  to   space 5120K, 0% used [0x0000000797600000,0x0000000797600000,0x0000000797b00000)
 ParOldGen       total 87552K, used 16482K [0x0000000740000000, 0x0000000745580000, 0x0000000795580000)
  object space 87552K, 18% used [0x0000000740000000,0x0000000741018be8,0x0000000745580000)
 Metaspace       used 20468K, capacity 21264K, committed 21296K, reserved 1067008K
  class space    used 2933K, capacity 3101K, committed 3120K, reserved 1048576K
Event: 7.413 GC heap after
Heap after GC invocations=3 (full 0):
 PSYoungGen      total 38400K, used 5108K [0x0000000795580000, 0x000000079a080000, 0x00000007c0000000)
  eden space 33280K, 0% used [0x0000000795580000,0x0000000795580000,0x0000000797600000)
  from space 5120K, 99% used [0x0000000797600000,0x0000000797afd330,0x0000000797b00000)
  to   space 5120K, 0% used [0x0000000799b80000,0x0000000799b80000,0x000000079a080000)
 ParOldGen       total 87552K, used 30502K [0x0000000740000000, 0x0000000745580000, 0x0000000795580000)
  object space 87552K, 34% used [0x0000000740000000,0x0000000741dc9950,0x0000000745580000)
 Metaspace       used 20468K, capacity 21264K, committed 21296K, reserved 1067008K
  class space    used 2933K, capacity 3101K, committed 3120K, reserved 1048576K
}
Event: 7.413 GC heap before
{Heap before GC invocations=4 (full 1):
 PSYoungGen      total 38400K, used 5108K [0x0000000795580000, 0x000000079a080000, 0x00000007c0000000)
  eden space 33280K, 0% used [0x0000000795580000,0x0000000795580000,0x0000000797600000)
  from space 5120K, 99% used [0x0000000797600000,0x0000000797afd330,0x0000000797b00000)
  to   space 5120K, 0% used [0x0000000799b80000,0x0000000799b80000,0x000000079a080000)
 ParOldGen       total 87552K, used 30502K [0x0000000740000000, 0x0000000745580000, 0x0000000795580000)
  object space 87552K, 34% used [0x0000000740000000,0x0000000741dc9950,0x0000000745580000)
 Metaspace       used 20468K, capacity 21264K, committed 21296K, reserved 1067008K
  class space    used 2933K, capacity 3101K, committed 3120K, reserved 1048576K
Event: 7.446 GC heap after
Heap after GC invocations=4 (full 1):
 PSYoungGen      total 38400K, used 0K [0x0000000795580000, 0x000000079a080000, 0x00000007c0000000)
  eden space 33280K, 0% used [0x0000000795580000,0x0000000795580000,0x0000000797600000)
  from space 5120K, 0% used [0x0000000797600000,0x0000000797600000,0x0000000797b00000)
  to   space 5120K, 0% used [0x0000000799b80000,0x0000000799b80000,0x000000079a080000)
 ParOldGen       total 83456K, used 21326K [0x0000000740000000, 0x0000000745180000, 0x0000000795580000)
  object space 83456K, 25% used [0x0000000740000000,0x00000007414d3990,0x0000000745180000)
 Metaspace       used 20467K, capacity 21262K, committed 21296K, reserved 1067008K
  class space    used 2933K, capacity 3100K, committed 3120K, reserved 1048576K
}

Deoptimization events (10 events):
Event: 1.039 Thread 0x00007f82f1151800 Uncommon trap: reason=class_check action=maybe_recompile pc=0x000000010c147b1c method=java.lang.String.equals(Ljava/lang/Object;)Z @ 8
Event: 1.039 Thread 0x00007f82f1151800 Uncommon trap: reason=class_check action=maybe_recompile pc=0x000000010c147b1c method=java.lang.String.equals(Ljava/lang/Object;)Z @ 8
Event: 1.039 Thread 0x00007f82f1151800 Uncommon trap: reason=class_check action=maybe_recompile pc=0x000000010c147b1c method=java.lang.String.equals(Ljava/lang/Object;)Z @ 8
Event: 1.208 Thread 0x00007f82f1151800 Uncommon trap: reason=unloaded action=reinterpret pc=0x000000010c271058 method=java.lang.CharacterData.of(I)Ljava/lang/CharacterData; @ 96
Event: 1.241 Thread 0x00007f82f1151800 Uncommon trap: reason=class_check action=maybe_recompile pc=0x000000010c147b1c method=java.lang.String.equals(Ljava/lang/Object;)Z @ 8
Event: 3.706 Thread 0x00007f82f1151800 Uncommon trap: reason=array_check action=maybe_recompile pc=0x000000010c451e94 method=com.sun.javafx.css.SimpleSelector.applies(Ljavafx/css/Styleable;[Ljava/util/Set;I)Z @ 37
Event: 3.707 Thread 0x00007f82f1151800 Uncommon trap: reason=array_check action=maybe_recompile pc=0x000000010c451e94 method=com.sun.javafx.css.SimpleSelector.applies(Ljavafx/css/Styleable;[Ljava/util/Set;I)Z @ 37
Event: 3.707 Thread 0x00007f82f1151800 Uncommon trap: reason=array_check action=maybe_recompile pc=0x000000010c451e94 method=com.sun.javafx.css.SimpleSelector.applies(Ljavafx/css/Styleable;[Ljava/util/Set;I)Z @ 37
Event: 3.707 Thread 0x00007f82f1151800 Uncommon trap: reason=array_check action=maybe_recompile pc=0x000000010c451e94 method=com.sun.javafx.css.SimpleSelector.applies(Ljavafx/css/Styleable;[Ljava/util/Set;I)Z @ 37
Event: 7.492 Thread 0x00007f82f1151800 Uncommon trap: reason=unreached action=reinterpret pc=0x000000010c57e4ac method=javafx.scene.CssStyleHelper.lookup(Ljavafx/css/Styleable;Ljavafx/css/CssMetaData;Lcom/sun/javafx/css/StyleMap;Ljava/util/Set;Ljavafx/css/Styleable;Lcom/sun/javafx/css/Calculat

Internal exceptions (10 events):
Event: 82.417 Thread 0x00007f82f1340000 Exception <a 'java/net/ConnectException'> (0x00000007962a3da0) thrown at [/Users/java_re/workspace/8-2-build-macosx-x86_64/jdk8u31/2394/hotspot/src/share/vm/prims/jni.cpp, line 716]
Event: 82.417 Thread 0x00007f82f1983000 Exception <a 'java/net/ConnectException'> (0x00000007962b1ba0) thrown at [/Users/java_re/workspace/8-2-build-macosx-x86_64/jdk8u31/2394/hotspot/src/share/vm/prims/jni.cpp, line 716]
Event: 82.418 Thread 0x00007f82f0b39800 Exception <a 'java/net/ConnectException'> (0x00000007962bf9a0) thrown at [/Users/java_re/workspace/8-2-build-macosx-x86_64/jdk8u31/2394/hotspot/src/share/vm/prims/jni.cpp, line 716]
Event: 82.418 Thread 0x00007f82f2a98800 Exception <a 'java/net/ConnectException'> (0x00000007962cd7a0) thrown at [/Users/java_re/workspace/8-2-build-macosx-x86_64/jdk8u31/2394/hotspot/src/share/vm/prims/jni.cpp, line 716]
Event: 82.419 Thread 0x00007f82f151b000 Exception <a 'java/net/ConnectException'> (0x00000007962db5a0) thrown at [/Users/java_re/workspace/8-2-build-macosx-x86_64/jdk8u31/2394/hotspot/src/share/vm/prims/jni.cpp, line 716]
Event: 82.421 Thread 0x00007f82f1383000 Exception <a 'java/net/ConnectException'> (0x00000007962e93a0) thrown at [/Users/java_re/workspace/8-2-build-macosx-x86_64/jdk8u31/2394/hotspot/src/share/vm/prims/jni.cpp, line 716]
Event: 82.421 Thread 0x00007f82f0b3b000 Exception <a 'java/net/ConnectException'> (0x00000007962f71a0) thrown at [/Users/java_re/workspace/8-2-build-macosx-x86_64/jdk8u31/2394/hotspot/src/share/vm/prims/jni.cpp, line 716]
Event: 82.422 Thread 0x00007f82f0a04800 Exception <a 'java/net/ConnectException'> (0x0000000796304fa0) thrown at [/Users/java_re/workspace/8-2-build-macosx-x86_64/jdk8u31/2394/hotspot/src/share/vm/prims/jni.cpp, line 716]
Event: 82.423 Thread 0x00007f82f1c62000 Exception <a 'java/net/ConnectException'> (0x0000000796312da0) thrown at [/Users/java_re/workspace/8-2-build-macosx-x86_64/jdk8u31/2394/hotspot/src/share/vm/prims/jni.cpp, line 716]
Event: 82.423 Thread 0x00007f82f0b3a000 Exception <a 'java/net/ConnectException'> (0x0000000796320ba0) thrown at [/Users/java_re/workspace/8-2-build-macosx-x86_64/jdk8u31/2394/hotspot/src/share/vm/prims/jni.cpp, line 716]

Events (10 events):
Event: 82.417 Thread 0x00007f82f1340000 Thread exited: 0x00007f82f1340000
Event: 82.417 Thread 0x00007f82f1983000 Thread exited: 0x00007f82f1983000
Event: 82.418 Thread 0x00007f82f0b39800 Thread exited: 0x00007f82f0b39800
Event: 82.418 Thread 0x00007f82f2a98800 Thread exited: 0x00007f82f2a98800
Event: 82.419 Thread 0x00007f82f151b000 Thread exited: 0x00007f82f151b000
Event: 82.421 Thread 0x00007f82f1383000 Thread exited: 0x00007f82f1383000
Event: 82.421 Thread 0x00007f82f0b3b000 Thread exited: 0x00007f82f0b3b000
Event: 82.422 Thread 0x00007f82f0a04800 Thread exited: 0x00007f82f0a04800
Event: 82.423 Thread 0x00007f82f1c62000 Thread exited: 0x00007f82f1c62000
Event: 82.423 Thread 0x00007f82f0b3a000 Thread exited: 0x00007f82f0b3a000


Dynamic libraries:
0x0000000008d08000 	/System/Library/Frameworks/Cocoa.framework/Versions/A/Cocoa
0x0000000008d08000 	/System/Library/Frameworks/Security.framework/Versions/A/Security
0x0000000008d08000 	/System/Library/Frameworks/ApplicationServices.framework/Versions/A/ApplicationServices
0x0000000008d08000 	/usr/lib/libz.1.dylib
0x0000000008d08000 	/usr/lib/libSystem.B.dylib
0x0000000008d08000 	/usr/lib/libobjc.A.dylib
0x0000000008d08000 	/System/Library/Frameworks/CoreFoundation.framework/Versions/A/CoreFoundation
0x0000000008d08000 	/System/Library/Frameworks/Foundation.framework/Versions/C/Foundation
0x0000000008d08000 	/System/Library/Frameworks/AppKit.framework/Versions/C/AppKit
0x0000000008d08000 	/System/Library/Frameworks/CoreData.framework/Versions/A/CoreData
0x0000000008d08000 	/System/Library/PrivateFrameworks/RemoteViewServices.framework/Versions/A/RemoteViewServices
0x0000000008d08000 	/System/Library/PrivateFrameworks/UIFoundation.framework/Versions/A/UIFoundation
0x0000000008d08000 	/System/Library/Frameworks/IOSurface.framework/Versions/A/IOSurface
0x0000000008d08000 	/System/Library/Frameworks/AudioToolbox.framework/Versions/A/AudioToolbox
0x0000000008d08000 	/System/Library/Frameworks/AudioUnit.framework/Versions/A/AudioUnit
0x0000000008d08000 	/System/Library/PrivateFrameworks/DataDetectorsCore.framework/Versions/A/DataDetectorsCore
0x0000000008d08000 	/System/Library/PrivateFrameworks/DesktopServicesPriv.framework/Versions/A/DesktopServicesPriv
0x0000000008d08000 	/System/Library/Frameworks/Carbon.framework/Versions/A/Frameworks/HIToolbox.framework/Versions/A/HIToolbox
0x0000000008d08000 	/System/Library/Frameworks/QuartzCore.framework/Versions/A/QuartzCore
0x0000000008d08000 	/System/Library/Frameworks/Carbon.framework/Versions/A/Frameworks/SpeechRecognition.framework/Versions/A/SpeechRecognition
0x0000000008d08000 	/usr/lib/libauto.dylib
0x0000000008d08000 	/usr/lib/libicucore.A.dylib
0x0000000008d08000 	/usr/lib/libxml2.2.dylib
0x0000000008d08000 	/System/Library/PrivateFrameworks/CoreUI.framework/Versions/A/CoreUI
0x0000000008d08000 	/System/Library/Frameworks/CoreAudio.framework/Versions/A/CoreAudio
0x0000000008d08000 	/System/Library/Frameworks/DiskArbitration.framework/Versions/A/DiskArbitration
0x0000000008d08000 	/usr/lib/liblangid.dylib
0x0000000008d08000 	/System/Library/PrivateFrameworks/MultitouchSupport.framework/Versions/A/MultitouchSupport
0x0000000008d08000 	/System/Library/Frameworks/IOKit.framework/Versions/A/IOKit
0x0000000008d08000 	/usr/lib/libDiagnosticMessagesClient.dylib
0x0000000008d08000 	/System/Library/Frameworks/CoreServices.framework/Versions/A/CoreServices
0x0000000008d08000 	/System/Library/PrivateFrameworks/PerformanceAnalysis.framework/Versions/A/PerformanceAnalysis
0x0000000008d08000 	/System/Library/PrivateFrameworks/GenerationalStorage.framework/Versions/A/GenerationalStorage
0x0000000008d08000 	/System/Library/Frameworks/OpenGL.framework/Versions/A/OpenGL
0x0000000008d08000 	/System/Library/PrivateFrameworks/Sharing.framework/Versions/A/Sharing
0x0000000008d08000 	/System/Library/Frameworks/CoreGraphics.framework/Versions/A/CoreGraphics
0x0000000008d08000 	/System/Library/Frameworks/CoreText.framework/Versions/A/CoreText
0x0000000008d08000 	/System/Library/Frameworks/ImageIO.framework/Versions/A/ImageIO
0x0000000008d08000 	/usr/lib/libextension.dylib
0x0000000008d08000 	/System/Library/PrivateFrameworks/Backup.framework/Versions/A/Backup
0x0000000008d08000 	/usr/lib/libarchive.2.dylib
0x0000000008d08000 	/System/Library/Frameworks/CFNetwork.framework/Versions/A/CFNetwork
0x0000000008d08000 	/System/Library/Frameworks/SystemConfiguration.framework/Versions/A/SystemConfiguration
0x0000000008d08000 	/usr/lib/libCRFSuite.dylib
0x0000000008d08000 	/usr/lib/libc++.1.dylib
0x0000000008d08000 	/usr/lib/libc++abi.dylib
0x0000000008d08000 	/usr/lib/system/libcache.dylib
0x0000000008d08000 	/usr/lib/system/libcommonCrypto.dylib
0x0000000008d08000 	/usr/lib/system/libcompiler_rt.dylib
0x0000000008d08000 	/usr/lib/system/libcopyfile.dylib
0x0000000008d08000 	/usr/lib/system/libcorecrypto.dylib
0x0000000008d08000 	/usr/lib/system/libdispatch.dylib
0x0000000008d08000 	/usr/lib/system/libdyld.dylib
0x0000000008d08000 	/usr/lib/system/libkeymgr.dylib
0x0000000008d08000 	/usr/lib/system/liblaunch.dylib
0x0000000008d08000 	/usr/lib/system/libmacho.dylib
0x0000000008d08000 	/usr/lib/system/libquarantine.dylib
0x0000000008d08000 	/usr/lib/system/libremovefile.dylib
0x0000000008d08000 	/usr/lib/system/libsystem_asl.dylib
0x0000000008d08000 	/usr/lib/system/libsystem_blocks.dylib
0x0000000008d08000 	/usr/lib/system/libsystem_c.dylib
0x0000000008d08000 	/usr/lib/system/libsystem_configuration.dylib
0x0000000008d08000 	/usr/lib/system/libsystem_coreservices.dylib
0x0000000008d08000 	/usr/lib/system/libsystem_coretls.dylib
0x0000000008d08000 	/usr/lib/system/libsystem_dnssd.dylib
0x0000000008d08000 	/usr/lib/system/libsystem_info.dylib
0x0000000008d08000 	/usr/lib/system/libsystem_kernel.dylib
0x0000000008d08000 	/usr/lib/system/libsystem_m.dylib
0x0000000008d08000 	/usr/lib/system/libsystem_malloc.dylib
0x0000000008d08000 	/usr/lib/system/libsystem_network.dylib
0x0000000008d08000 	/usr/lib/system/libsystem_networkextension.dylib
0x0000000008d08000 	/usr/lib/system/libsystem_notify.dylib
0x0000000008d08000 	/usr/lib/system/libsystem_platform.dylib
0x0000000008d08000 	/usr/lib/system/libsystem_pthread.dylib
0x0000000008d08000 	/usr/lib/system/libsystem_sandbox.dylib
0x0000000008d08000 	/usr/lib/system/libsystem_secinit.dylib
0x0000000008d08000 	/usr/lib/system/libsystem_stats.dylib
0x0000000008d08000 	/usr/lib/system/libsystem_trace.dylib
0x0000000008d08000 	/usr/lib/system/libunc.dylib
0x0000000008d08000 	/usr/lib/system/libunwind.dylib
0x0000000008d08000 	/usr/lib/system/libxpc.dylib
0x0000000008d08000 	/usr/lib/libbz2.1.0.dylib
0x0000000008d08000 	/usr/lib/liblzma.5.dylib
0x0000000008d08000 	/usr/lib/libbsm.0.dylib
0x0000000008d08000 	/usr/lib/libsqlite3.dylib
0x0000000008d08000 	/usr/lib/system/libkxld.dylib
0x0000000008d08000 	/usr/lib/libxar.1.dylib
0x0000000008d08000 	/usr/lib/libpam.2.dylib
0x0000000008d08000 	/usr/lib/libOpenScriptingUtil.dylib
0x0000000008d08000 	/System/Library/Frameworks/CoreServices.framework/Versions/A/Frameworks/FSEvents.framework/Versions/A/FSEvents
0x0000000008d08000 	/System/Library/Frameworks/CoreServices.framework/Versions/A/Frameworks/CarbonCore.framework/Versions/A/CarbonCore
0x0000000008d08000 	/System/Library/Frameworks/CoreServices.framework/Versions/A/Frameworks/Metadata.framework/Versions/A/Metadata
0x0000000008d08000 	/System/Library/Frameworks/CoreServices.framework/Versions/A/Frameworks/OSServices.framework/Versions/A/OSServices
0x0000000008d08000 	/System/Library/Frameworks/CoreServices.framework/Versions/A/Frameworks/SearchKit.framework/Versions/A/SearchKit
0x0000000008d08000 	/System/Library/Frameworks/CoreServices.framework/Versions/A/Frameworks/AE.framework/Versions/A/AE
0x0000000008d08000 	/System/Library/Frameworks/CoreServices.framework/Versions/A/Frameworks/LaunchServices.framework/Versions/A/LaunchServices
0x0000000008d08000 	/System/Library/Frameworks/CoreServices.framework/Versions/A/Frameworks/DictionaryServices.framework/Versions/A/DictionaryServices
0x0000000008d08000 	/System/Library/Frameworks/NetFS.framework/Versions/A/NetFS
0x0000000008d08000 	/System/Library/PrivateFrameworks/NetAuth.framework/Versions/A/NetAuth
0x0000000008d08000 	/System/Library/PrivateFrameworks/login.framework/Versions/A/Frameworks/loginsupport.framework/Versions/A/loginsupport
0x0000000008d08000 	/System/Library/PrivateFrameworks/TCC.framework/Versions/A/TCC
0x0000000008d08000 	/usr/lib/libmecabra.dylib
0x0000000008d08000 	/System/Library/Frameworks/ApplicationServices.framework/Versions/A/Frameworks/ATS.framework/Versions/A/ATS
0x0000000008d08000 	/System/Library/Frameworks/ApplicationServices.framework/Versions/A/Frameworks/ColorSync.framework/Versions/A/ColorSync
0x0000000008d08000 	/System/Library/Frameworks/ApplicationServices.framework/Versions/A/Frameworks/HIServices.framework/Versions/A/HIServices
0x0000000008d08000 	/System/Library/Frameworks/ApplicationServices.framework/Versions/A/Frameworks/LangAnalysis.framework/Versions/A/LangAnalysis
0x0000000008d08000 	/System/Library/Frameworks/ApplicationServices.framework/Versions/A/Frameworks/PrintCore.framework/Versions/A/PrintCore
0x0000000008d08000 	/System/Library/Frameworks/ApplicationServices.framework/Versions/A/Frameworks/QD.framework/Versions/A/QD
0x0000000008d08000 	/System/Library/Frameworks/ApplicationServices.framework/Versions/A/Frameworks/SpeechSynthesis.framework/Versions/A/SpeechSynthesis
0x0000000008d08000 	/System/Library/Frameworks/Accelerate.framework/Versions/A/Accelerate
0x0000000008d08000 	/System/Library/Frameworks/Accelerate.framework/Versions/A/Frameworks/vImage.framework/Versions/A/vImage
0x0000000008d08000 	/System/Library/Frameworks/Accelerate.framework/Versions/A/Frameworks/vecLib.framework/Versions/A/vecLib
0x0000000008d08000 	/System/Library/Frameworks/Accelerate.framework/Versions/A/Frameworks/vecLib.framework/Versions/A/libvDSP.dylib
0x0000000008d08000 	/System/Library/Frameworks/Accelerate.framework/Versions/A/Frameworks/vecLib.framework/Versions/A/libvMisc.dylib
0x0000000008d08000 	/System/Library/Frameworks/Accelerate.framework/Versions/A/Frameworks/vecLib.framework/Versions/A/libLAPACK.dylib
0x0000000008d08000 	/System/Library/Frameworks/Accelerate.framework/Versions/A/Frameworks/vecLib.framework/Versions/A/libBLAS.dylib
0x0000000008d08000 	/System/Library/Frameworks/Accelerate.framework/Versions/A/Frameworks/vecLib.framework/Versions/A/libLinearAlgebra.dylib
0x0000000008d08000 	/System/Library/Frameworks/ApplicationServices.framework/Versions/A/Frameworks/ATS.framework/Versions/A/Resources/libFontParser.dylib
0x0000000008d08000 	/System/Library/Frameworks/ApplicationServices.framework/Versions/A/Frameworks/ATS.framework/Versions/A/Resources/libFontRegistry.dylib
0x0000000008d08000 	/System/Library/PrivateFrameworks/AppleVPA.framework/Versions/A/AppleVPA
0x0000000008d08000 	/System/Library/PrivateFrameworks/AppleJPEG.framework/Versions/A/AppleJPEG
0x0000000008d08000 	/System/Library/Frameworks/ImageIO.framework/Versions/A/Resources/libJPEG.dylib
0x0000000008d08000 	/System/Library/Frameworks/ImageIO.framework/Versions/A/Resources/libTIFF.dylib
0x0000000008d08000 	/System/Library/Frameworks/ImageIO.framework/Versions/A/Resources/libPng.dylib
0x0000000008d08000 	/System/Library/Frameworks/ImageIO.framework/Versions/A/Resources/libGIF.dylib
0x0000000008d08000 	/System/Library/Frameworks/ImageIO.framework/Versions/A/Resources/libJP2.dylib
0x0000000008d08000 	/System/Library/Frameworks/ImageIO.framework/Versions/A/Resources/libRadiance.dylib
0x0000000008d08000 	/System/Library/Frameworks/CoreVideo.framework/Versions/A/CoreVideo
0x0000000008d08000 	/System/Library/Frameworks/OpenGL.framework/Versions/A/Libraries/libGLU.dylib
0x0000000008d08000 	/System/Library/Frameworks/OpenGL.framework/Versions/A/Libraries/libGFXShared.dylib
0x0000000008d08000 	/System/Library/Frameworks/OpenGL.framework/Versions/A/Libraries/libGL.dylib
0x0000000008d08000 	/System/Library/Frameworks/OpenGL.framework/Versions/A/Libraries/libGLImage.dylib
0x0000000008d08000 	/System/Library/Frameworks/OpenGL.framework/Versions/A/Libraries/libCVMSPluginSupport.dylib
0x0000000008d08000 	/System/Library/Frameworks/OpenGL.framework/Versions/A/Libraries/libCoreVMClient.dylib
0x0000000008d08000 	/usr/lib/libcups.2.dylib
0x0000000008d08000 	/System/Library/Frameworks/Kerberos.framework/Versions/A/Kerberos
0x0000000008d08000 	/System/Library/Frameworks/GSS.framework/Versions/A/GSS
0x0000000008d08000 	/usr/lib/libresolv.9.dylib
0x0000000008d08000 	/usr/lib/libiconv.2.dylib
0x0000000008d08000 	/System/Library/PrivateFrameworks/Heimdal.framework/Versions/A/Heimdal
0x0000000008d08000 	/usr/lib/libheimdal-asn1.dylib
0x0000000008d08000 	/System/Library/Frameworks/OpenDirectory.framework/Versions/A/OpenDirectory
0x0000000008d08000 	/System/Library/PrivateFrameworks/CommonAuth.framework/Versions/A/CommonAuth
0x0000000008d08000 	/System/Library/Frameworks/OpenDirectory.framework/Versions/A/Frameworks/CFOpenDirectory.framework/Versions/A/CFOpenDirectory
0x0000000008d08000 	/System/Library/Frameworks/SecurityFoundation.framework/Versions/A/SecurityFoundation
0x0000000008d08000 	/System/Library/PrivateFrameworks/LanguageModeling.framework/Versions/A/LanguageModeling
0x0000000008d08000 	/usr/lib/libcmph.dylib
0x0000000008d08000 	/System/Library/Frameworks/ServiceManagement.framework/Versions/A/ServiceManagement
0x0000000008d08000 	/usr/lib/libxslt.1.dylib
0x0000000008d08000 	/System/Library/Frameworks/Carbon.framework/Versions/A/Frameworks/Ink.framework/Versions/A/Ink
0x0000000008d08000 	/System/Library/Frameworks/QuartzCore.framework/Versions/A/Frameworks/CoreImage.framework/Versions/A/CoreImage
0x0000000008d08000 	/System/Library/PrivateFrameworks/CrashReporterSupport.framework/Versions/A/CrashReporterSupport
0x0000000008d08000 	/System/Library/Frameworks/OpenCL.framework/Versions/A/OpenCL
0x0000000008d08000 	/System/Library/PrivateFrameworks/FaceCore.framework/Versions/A/FaceCore
0x0000000008d08000 	/System/Library/PrivateFrameworks/Ubiquity.framework/Versions/A/Ubiquity
0x0000000008d08000 	/System/Library/PrivateFrameworks/IconServices.framework/Versions/A/IconServices
0x0000000008d08000 	/System/Library/PrivateFrameworks/ChunkingLibrary.framework/Versions/A/ChunkingLibrary
0x0000000008d08000 	/System/Library/PrivateFrameworks/Apple80211.framework/Versions/A/Apple80211
0x0000000008d08000 	/System/Library/Frameworks/CoreWLAN.framework/Versions/A/CoreWLAN
0x0000000008d08000 	/System/Library/Frameworks/IOBluetooth.framework/Versions/A/IOBluetooth
0x0000000008d08000 	/System/Library/PrivateFrameworks/CoreWiFi.framework/Versions/A/CoreWiFi
0x0000000008d08000 	/System/Library/Frameworks/CoreBluetooth.framework/Versions/A/CoreBluetooth
0x0000000008d08000 	/System/Library/PrivateFrameworks/DebugSymbols.framework/Versions/A/DebugSymbols
0x0000000008d08000 	/System/Library/PrivateFrameworks/CoreSymbolication.framework/Versions/A/CoreSymbolication
0x0000000008d08000 	/System/Library/PrivateFrameworks/Symbolication.framework/Versions/A/Symbolication
0x0000000008d08000 	/System/Library/PrivateFrameworks/SpeechRecognitionCore.framework/Versions/A/SpeechRecognitionCore
0x000000010b000000 	/Library/Java/JavaVirtualMachines/jdk1.8.0_31.jdk/Contents/Home/jre/lib/server/libjvm.dylib
0x0000000008d08000 	/usr/lib/libstdc++.6.dylib
0x0000000109f8b000 	/Library/Java/JavaVirtualMachines/jdk1.8.0_31.jdk/Contents/Home/jre/lib/libverify.dylib
0x0000000109f99000 	/Library/Java/JavaVirtualMachines/jdk1.8.0_31.jdk/Contents/Home/jre/lib/libjava.dylib
0x0000000109fd7000 	/Library/Java/JavaVirtualMachines/jdk1.8.0_31.jdk/Contents/Home/jre/lib/libzip.dylib
0x0000000109fe1000 	/System/Library/Frameworks/JavaVM.framework/Frameworks/JavaRuntimeSupport.framework/JavaRuntimeSupport
0x0000000123123000 	/System/Library/Frameworks/JavaVM.framework/Versions/A/Frameworks/JavaNativeFoundation.framework/Versions/A/JavaNativeFoundation
0x0000000123137000 	/System/Library/Frameworks/JavaVM.framework/Versions/A/JavaVM
0x0000000008d08000 	/System/Library/Frameworks/Carbon.framework/Versions/A/Carbon
0x0000000123143000 	/System/Library/PrivateFrameworks/JavaLaunching.framework/Versions/A/JavaLaunching
0x0000000008d08000 	/System/Library/Frameworks/Carbon.framework/Versions/A/Frameworks/CommonPanels.framework/Versions/A/CommonPanels
0x0000000008d08000 	/System/Library/Frameworks/Carbon.framework/Versions/A/Frameworks/Help.framework/Versions/A/Help
0x0000000008d08000 	/System/Library/Frameworks/Carbon.framework/Versions/A/Frameworks/ImageCapture.framework/Versions/A/ImageCapture
0x0000000008d08000 	/System/Library/Frameworks/Carbon.framework/Versions/A/Frameworks/OpenScripting.framework/Versions/A/OpenScripting
0x0000000008d08000 	/System/Library/Frameworks/Carbon.framework/Versions/A/Frameworks/Print.framework/Versions/A/Print
0x0000000008d08000 	/System/Library/Frameworks/Carbon.framework/Versions/A/Frameworks/SecurityHI.framework/Versions/A/SecurityHI
0x00000001251ef000 	/Library/Java/JavaVirtualMachines/jdk1.8.0_31.jdk/Contents/Home/jre/lib/libprism_es2.dylib
0x0000000008d08000 	/System/Library/Frameworks/OpenGL.framework/Versions/A/Resources/GLEngine.bundle/GLEngine
0x0000000008d08000 	/System/Library/Frameworks/OpenGL.framework/Versions/A/Libraries/libGLProgrammability.dylib
0x0000000000000000 	/System/Library/Extensions/AppleIntelHD4000GraphicsGLDriver.bundle/Contents/MacOS/AppleIntelHD4000GraphicsGLDriver
0x0000000008d08000 	/System/Library/PrivateFrameworks/IOAccelerator.framework/Versions/A/IOAccelerator
0x0000000008d08000 	/System/Library/PrivateFrameworks/GPUSupport.framework/Versions/A/Libraries/libGPUSupportMercury.dylib
0x0000000000000000 	/System/Library/Extensions/GeForceGLDriver.bundle/Contents/MacOS/GeForceGLDriver
0x0000000008d08000 	/System/Library/Extensions/GeForceGLDriver.bundle/Contents/MacOS/libclh.dylib
0x0000000008d08000 	/System/Library/Frameworks/OpenGL.framework/Versions/A/Resources/GLRendererFloat.bundle/GLRendererFloat
0x0000000008d08000 	/System/Library/Frameworks/OpenCL.framework/Versions/A/Libraries/libcldcpuengine.dylib
0x0000000008d08000 	/System/Library/PrivateFrameworks/DiskImages.framework/Versions/A/DiskImages
0x0000000008d08000 	/System/Library/Frameworks/DiscRecording.framework/Versions/A/DiscRecording
0x0000000008d08000 	/usr/lib/libcsfde.dylib
0x0000000008d08000 	/usr/lib/libcurl.4.dylib
0x0000000008d08000 	/System/Library/PrivateFrameworks/MediaKit.framework/Versions/A/MediaKit
0x0000000008d08000 	/System/Library/PrivateFrameworks/ProtectedCloudStorage.framework/Versions/A/ProtectedCloudStorage
0x0000000008d08000 	/usr/lib/libCoreStorage.dylib
0x0000000008d08000 	/System/Library/PrivateFrameworks/EFILogin.framework/Versions/A/EFILogin
0x0000000008d08000 	/usr/lib/libutil.dylib
0x0000000008d08000 	/System/Library/PrivateFrameworks/FindMyDevice.framework/Versions/A/FindMyDevice
0x0000000008d08000 	/System/Library/Frameworks/LDAP.framework/Versions/A/LDAP
0x0000000008d08000 	/usr/lib/libsasl2.2.dylib
0x0000000008d08000 	/System/Library/PrivateFrameworks/CoreDaemon.framework/Versions/B/CoreDaemon
0x0000000008d08000 	/usr/lib/libcrypto.0.9.8.dylib
0x0000000008d08000 	/System/Library/PrivateFrameworks/AppleSRP.framework/Versions/A/AppleSRP
0x0000000008d08000 	/System/Library/PrivateFrameworks/TrustEvaluationAgent.framework/Versions/A/TrustEvaluationAgent
0x00000001258d7000 	/Library/Java/JavaVirtualMachines/jdk1.8.0_31.jdk/Contents/Home/jre/lib/libglass.dylib
0x0000000008d08000 	/System/Library/PrivateFrameworks/CoreServicesInternal.framework/Versions/A/CoreServicesInternal
0x0000000008d08000 	/System/Library/PrivateFrameworks/CloudDocs.framework/Versions/A/CloudDocs
0x0000000008d08000 	/System/Library/PrivateFrameworks/CoreDuet.framework/Versions/A/CoreDuet
0x0000000008d08000 	/System/Library/Frameworks/CloudKit.framework/Versions/A/CloudKit
0x0000000008d08000 	/System/Library/PrivateFrameworks/ProtocolBuffer.framework/Versions/A/ProtocolBuffer
0x0000000008d08000 	/System/Library/PrivateFrameworks/CoreDuetDaemonProtocol.framework/Versions/A/CoreDuetDaemonProtocol
0x0000000008d08000 	/System/Library/PrivateFrameworks/CoreDuetDebugLogging.framework/Versions/A/CoreDuetDebugLogging
0x0000000008d08000 	/System/Library/Frameworks/CoreLocation.framework/Versions/A/CoreLocation
0x0000000008d08000 	/System/Library/Frameworks/Accounts.framework/Versions/A/Accounts
0x0000000008d08000 	/System/Library/PrivateFrameworks/ApplePushService.framework/Versions/A/ApplePushService
0x0000000008d08000 	/System/Library/PrivateFrameworks/GeoServices.framework/Versions/A/GeoServices
0x0000000008d08000 	/System/Library/PrivateFrameworks/OAuth.framework/Versions/A/OAuth
0x0000000008d08000 	/System/Library/Frameworks/CoreGraphics.framework/Versions/A/Resources/libCGCMS.A.dylib
0x0000000126c1d000 	/System/Library/CoreServices/RawCamera.bundle/Contents/MacOS/RawCamera
0x0000000008d08000 	/System/Library/Frameworks/CoreGraphics.framework/Versions/A/Resources/libRIP.A.dylib
0x0000000008d08000 	/System/Library/PrivateFrameworks/FamilyControls.framework/Versions/A/FamilyControls
0x0000000008d08000 	/System/Library/PrivateFrameworks/CommerceKit.framework/Versions/A/Frameworks/CommerceCore.framework/Versions/A/CommerceCore
0x0000000008d08000 	/System/Library/PrivateFrameworks/SystemAdministration.framework/Versions/A/SystemAdministration
0x0000000008d08000 	/System/Library/PrivateFrameworks/AppContainer.framework/Versions/A/AppContainer
0x0000000008d08000 	/System/Library/PrivateFrameworks/SecCodeWrapper.framework/Versions/A/SecCodeWrapper
0x0000000008d08000 	/System/Library/Frameworks/DirectoryService.framework/Versions/A/DirectoryService
0x0000000008d08000 	/System/Library/PrivateFrameworks/LoginUIKit.framework/Versions/A/Frameworks/LoginUICore.framework/Versions/A/LoginUICore
0x0000000008d08000 	/usr/lib/libodfde.dylib
0x0000000129ae2000 	/Library/Java/JavaVirtualMachines/jdk1.8.0_31.jdk/Contents/Home/jre/lib/libawt.dylib
0x0000000129b91000 	/Library/Java/JavaVirtualMachines/jdk1.8.0_31.jdk/Contents/Home/jre/lib/./libmlib_image.dylib
0x0000000129c5d000 	/Library/Java/JavaVirtualMachines/jdk1.8.0_31.jdk/Contents/Home/jre/lib/libawt_lwawt.dylib
0x0000000129d10000 	/Library/Java/JavaVirtualMachines/jdk1.8.0_31.jdk/Contents/Home/jre/lib/./libosxapp.dylib
0x0000000008d08000 	/System/Library/Frameworks/ExceptionHandling.framework/Versions/A/ExceptionHandling
0x0000000129d2c000 	/Library/Java/JavaVirtualMachines/jdk1.8.0_31.jdk/Contents/Home/jre/lib/libfontmanager.dylib
0x0000000129ec6000 	/Library/Java/JavaVirtualMachines/jdk1.8.0_31.jdk/Contents/Home/jre/lib/libjpeg.dylib
0x000000012ac30000 	/Library/Java/JavaVirtualMachines/jdk1.8.0_31.jdk/Contents/Home/jre/lib/libnet.dylib
0x000000012b04b000 	/Library/Java/JavaVirtualMachines/jdk1.8.0_31.jdk/Contents/Home/jre/lib/libjavafx_font.dylib
0x000000012b256000 	/Library/Java/JavaVirtualMachines/jdk1.8.0_31.jdk/Contents/Home/jre/lib/libjavafx_iio.dylib
0x0000000008d08000 	/System/Library/Frameworks/CoreGraphics.framework/Versions/A/Resources/libCGXType.A.dylib
0x000000012f9aa000 	cl_kernels
0x000000012f9cc000 	/System/Library/Frameworks/OpenCL.framework/Versions/A/Libraries/ImageFormats/unorm8_bgra.dylib
0x000000012e3bc000 	cl_kernels
0x000000012f9ad000 	/Library/Java/JavaVirtualMachines/jdk1.8.0_31.jdk/Contents/Home/jre/lib/libprism_common.dylib
0x000000012c245000 	/Library/Java/JavaVirtualMachines/jdk1.8.0_31.jdk/Contents/Home/jre/lib/liblcms.dylib

VM Arguments:
jvm_args: -Dfile.encoding=UTF-8 
java_command: GUI.Main
java_class_path (initial): /Users/elizabeth_dye/Documents/GuessWho2/bin:/Users/elizabeth_dye/Downloads/eclipse 2/plugins/org.eclipse.fx.ide.css.jfx8_1.1.0.201411050807.jar:/Users/elizabeth_dye/Downloads/eclipse 2/plugins/org.junit_4.11.0.v201303080030/junit.jar:/Users/elizabeth_dye/Downloads/eclipse 2/plugins/org.hamcrest.core_1.3.0.v201303031735.jar
Launcher Type: SUN_STANDARD

Environment Variables:
PATH=/usr/bin:/bin:/usr/sbin:/sbin
SHELL=/bin/bash

Signal Handlers:
SIGSEGV: [libjvm.dylib+0x57a0e7], sa_mask[0]=11111111011111110111111111111111, sa_flags=SA_ONSTACK|SA_RESTART|SA_SIGINFO
SIGBUS: [libjvm.dylib+0x57a0e7], sa_mask[0]=11111111011111110111111111111111, sa_flags=SA_RESTART|SA_SIGINFO
SIGFPE: [libjvm.dylib+0x45af24], sa_mask[0]=11111111011111110111111111111111, sa_flags=SA_RESTART|SA_SIGINFO
SIGPIPE: [libjvm.dylib+0x45af24], sa_mask[0]=11111111011111110111111111111111, sa_flags=SA_RESTART|SA_SIGINFO
SIGXFSZ: [libjvm.dylib+0x45af24], sa_mask[0]=11111111011111110111111111111111, sa_flags=SA_RESTART|SA_SIGINFO
SIGILL: [libjvm.dylib+0x45af24], sa_mask[0]=11111111011111110111111111111111, sa_flags=SA_RESTART|SA_SIGINFO
SIGUSR1: SIG_DFL, sa_mask[0]=00000000000000000000000000000000, sa_flags=none
SIGUSR2: [libjvm.dylib+0x45aa42], sa_mask[0]=00100000000000000000000000000000, sa_flags=SA_RESTART|SA_SIGINFO
SIGHUP: [libjvm.dylib+0x459015], sa_mask[0]=11111111011111110111111111111111, sa_flags=SA_RESTART|SA_SIGINFO
SIGINT: [libjvm.dylib+0x459015], sa_mask[0]=11111111011111110111111111111111, sa_flags=SA_RESTART|SA_SIGINFO
SIGTERM: [libjvm.dylib+0x459015], sa_mask[0]=11111111011111110111111111111111, sa_flags=SA_RESTART|SA_SIGINFO
SIGQUIT: [libjvm.dylib+0x459015], sa_mask[0]=11111111011111110111111111111111, sa_flags=SA_RESTART|SA_SIGINFO


---------------  S Y S T E M  ---------------

OS:Bsduname:Darwin 14.1.0 Darwin Kernel Version 14.1.0: Mon Dec 22 23:10:38 PST 2014; root:xnu-2782.10.72~2/RELEASE_X86_64 x86_64
rlimit: STACK 8192k, CORE 0k, NPROC 709, NOFILE 10240, AS infinity
load average:1.89 2.10 1.99

CPU:total 8 (4 cores per cpu, 2 threads per core) family 6 model 58 stepping 9, cmov, cx8, fxsr, mmx, sse, sse2, sse3, ssse3, sse4.1, sse4.2, popcnt, avx, aes, clmul, erms, ht, tsc, tscinvbit, tscinv

Memory: 4k page, physical 8388608k(315780k free)

/proc/meminfo:


vm_info: Java HotSpot(TM) 64-Bit Server VM (25.31-b07) for bsd-amd64 JRE (1.8.0_31-b13), built on Dec 17 2014 20:45:36 by "java_re" with gcc 4.2.1 (Based on Apple Inc. build 5658) (LLVM build 2336.11.00)

time: Mon Mar 16 20:22:59 2015
elapsed time: 166 seconds (0d 0h 2m 46s)

